<?xml version="1.0" encoding="UTF-8"?>
<testsuite name="Operation Update Tests" tests="2" skipped="0" failures="0" errors="0" timestamp="2024-01-11T21:02:49" hostname="Franciscos-MBP" time="0.005">
  <properties/>
  <testcase name="Test successful build update" classname="francisco.languagecompiler.resource.OperationsControllerTest$OperationCreation$BuildUpdate" time="0.003"/>
  <testcase name="testInvalidBuildUpdate()" classname="francisco.languagecompiler.resource.OperationsControllerTest$OperationCreation$BuildUpdate" time="0.001"/>
  <system-out><![CDATA[2024-01-11 21:02:49.189  INFO 53765 --- [    Test worker] o.s.t.c.s.DefaultTestContextBootstrapper : Neither @ContextConfiguration nor @ContextHierarchy found for test class [francisco.languagecompiler.resource.OperationsControllerTest$OperationCreation$BuildUpdate], using DelegatingSmartContextLoader
2024-01-11 21:02:49.189  INFO 53765 --- [    Test worker] o.s.t.c.support.AbstractContextLoader    : Could not detect default resource locations for test class [francisco.languagecompiler.resource.OperationsControllerTest$OperationCreation$BuildUpdate]: no resource found for suffixes {-context.xml}.
2024-01-11 21:02:49.189  INFO 53765 --- [    Test worker] t.c.s.AnnotationConfigContextLoaderUtils : Could not detect default configuration classes for test class [francisco.languagecompiler.resource.OperationsControllerTest$OperationCreation$BuildUpdate]: BuildUpdate does not declare any static, non-private, non-final, nested classes annotated with @Configuration.
2024-01-11 21:02:49.190  INFO 53765 --- [    Test worker] o.s.t.c.s.DefaultTestContextBootstrapper : Loaded default TestExecutionListener class names from location [META-INF/spring.factories]: [org.springframework.boot.test.autoconfigure.restdocs.RestDocsTestExecutionListener, org.springframework.boot.test.autoconfigure.web.client.MockRestServiceServerResetTestExecutionListener, org.springframework.boot.test.autoconfigure.web.servlet.MockMvcPrintOnlyOnFailureTestExecutionListener, org.springframework.boot.test.autoconfigure.web.servlet.WebDriverTestExecutionListener, org.springframework.boot.test.autoconfigure.webservices.client.MockWebServiceServerTestExecutionListener, org.springframework.boot.test.mock.mockito.MockitoTestExecutionListener, org.springframework.boot.test.mock.mockito.ResetMocksTestExecutionListener, org.springframework.test.context.web.ServletTestExecutionListener, org.springframework.test.context.support.DirtiesContextBeforeModesTestExecutionListener, org.springframework.test.context.support.DependencyInjectionTestExecutionListener, org.springframework.test.context.support.DirtiesContextTestExecutionListener, org.springframework.test.context.transaction.TransactionalTestExecutionListener, org.springframework.test.context.jdbc.SqlScriptsTestExecutionListener, org.springframework.test.context.event.EventPublishingTestExecutionListener]
2024-01-11 21:02:49.190  INFO 53765 --- [    Test worker] o.s.t.c.s.DefaultTestContextBootstrapper : Using TestExecutionListeners: [org.springframework.test.context.web.ServletTestExecutionListener@7952bdfb, org.springframework.test.context.support.DirtiesContextBeforeModesTestExecutionListener@66ffcfb3, org.springframework.boot.test.mock.mockito.MockitoTestExecutionListener@2fd8a110, org.springframework.test.context.support.DependencyInjectionTestExecutionListener@3320976b, org.springframework.test.context.support.DirtiesContextTestExecutionListener@5ff14991, org.springframework.test.context.event.EventPublishingTestExecutionListener@476b978b, org.springframework.boot.test.autoconfigure.restdocs.RestDocsTestExecutionListener@2dd16e57, org.springframework.boot.test.autoconfigure.web.client.MockRestServiceServerResetTestExecutionListener@1a7d3f49, org.springframework.boot.test.autoconfigure.web.servlet.MockMvcPrintOnlyOnFailureTestExecutionListener@4f154056, org.springframework.boot.test.autoconfigure.web.servlet.WebDriverTestExecutionListener@54d941f0, org.springframework.boot.test.autoconfigure.webservices.client.MockWebServiceServerTestExecutionListener@72dc2eea, org.springframework.boot.test.mock.mockito.ResetMocksTestExecutionListener@1a8d08f]
]]></system-out>
  <system-err><![CDATA[]]></system-err>
</testsuite>
