<?xml version="1.0" encoding="UTF-8"?>
<testsuite name="Build Retrieval Tests" tests="3" skipped="0" failures="0" errors="0" timestamp="2024-01-11T21:02:48" hostname="Franciscos-MBP" time="0.019">
  <properties/>
  <testcase name="Get Builds with Fields Query String" classname="francisco.languagecompiler.resource.BuildsControllerTest$BuildRetrievalTests" time="0.013"/>
  <testcase name="Get Builds - test MediaType.APPLICATION_JSON" classname="francisco.languagecompiler.resource.BuildsControllerTest$BuildRetrievalTests" time="0.001"/>
  <testcase name="Get Builds - Standard" classname="francisco.languagecompiler.resource.BuildsControllerTest$BuildRetrievalTests" time="0.003"/>
  <system-out><![CDATA[2024-01-11 21:02:48.800  INFO 53765 --- [    Test worker] o.s.t.c.s.DefaultTestContextBootstrapper : Neither @ContextConfiguration nor @ContextHierarchy found for test class [francisco.languagecompiler.resource.BuildsControllerTest$BuildRetrievalTests], using DelegatingSmartContextLoader
2024-01-11 21:02:48.801  INFO 53765 --- [    Test worker] o.s.t.c.support.AbstractContextLoader    : Could not detect default resource locations for test class [francisco.languagecompiler.resource.BuildsControllerTest$BuildRetrievalTests]: no resource found for suffixes {-context.xml}.
2024-01-11 21:02:48.801  INFO 53765 --- [    Test worker] t.c.s.AnnotationConfigContextLoaderUtils : Could not detect default configuration classes for test class [francisco.languagecompiler.resource.BuildsControllerTest$BuildRetrievalTests]: BuildRetrievalTests does not declare any static, non-private, non-final, nested classes annotated with @Configuration.
2024-01-11 21:02:48.801  INFO 53765 --- [    Test worker] o.s.t.c.s.DefaultTestContextBootstrapper : Loaded default TestExecutionListener class names from location [META-INF/spring.factories]: [org.springframework.boot.test.autoconfigure.restdocs.RestDocsTestExecutionListener, org.springframework.boot.test.autoconfigure.web.client.MockRestServiceServerResetTestExecutionListener, org.springframework.boot.test.autoconfigure.web.servlet.MockMvcPrintOnlyOnFailureTestExecutionListener, org.springframework.boot.test.autoconfigure.web.servlet.WebDriverTestExecutionListener, org.springframework.boot.test.autoconfigure.webservices.client.MockWebServiceServerTestExecutionListener, org.springframework.boot.test.mock.mockito.MockitoTestExecutionListener, org.springframework.boot.test.mock.mockito.ResetMocksTestExecutionListener, org.springframework.test.context.web.ServletTestExecutionListener, org.springframework.test.context.support.DirtiesContextBeforeModesTestExecutionListener, org.springframework.test.context.support.DependencyInjectionTestExecutionListener, org.springframework.test.context.support.DirtiesContextTestExecutionListener, org.springframework.test.context.transaction.TransactionalTestExecutionListener, org.springframework.test.context.jdbc.SqlScriptsTestExecutionListener, org.springframework.test.context.event.EventPublishingTestExecutionListener]
2024-01-11 21:02:48.801  INFO 53765 --- [    Test worker] o.s.t.c.s.DefaultTestContextBootstrapper : Using TestExecutionListeners: [org.springframework.test.context.web.ServletTestExecutionListener@cbe4137, org.springframework.test.context.support.DirtiesContextBeforeModesTestExecutionListener@36f3c5ea, org.springframework.boot.test.mock.mockito.MockitoTestExecutionListener@58810f7c, org.springframework.test.context.support.DependencyInjectionTestExecutionListener@7aea3596, org.springframework.test.context.support.DirtiesContextTestExecutionListener@4236405, org.springframework.test.context.event.EventPublishingTestExecutionListener@2c573dfe, org.springframework.boot.test.autoconfigure.restdocs.RestDocsTestExecutionListener@7cfd2de7, org.springframework.boot.test.autoconfigure.web.client.MockRestServiceServerResetTestExecutionListener@5710e16b, org.springframework.boot.test.autoconfigure.web.servlet.MockMvcPrintOnlyOnFailureTestExecutionListener@488cb4c0, org.springframework.boot.test.autoconfigure.web.servlet.WebDriverTestExecutionListener@5da1c8e2, org.springframework.boot.test.autoconfigure.webservices.client.MockWebServiceServerTestExecutionListener@48a654a4, org.springframework.boot.test.mock.mockito.ResetMocksTestExecutionListener@18edff62]
]]></system-out>
  <system-err><![CDATA[]]></system-err>
</testsuite>
