<?xml version="1.0" encoding="UTF-8"?>
<testsuite name="Operation List Tests" tests="1" skipped="0" failures="0" errors="0" timestamp="2024-01-07T10:29:15" hostname="Franciscos-MBP" time="0.069">
  <properties/>
  <testcase name="Get Builds - Standard" classname="francisco.languagecompiler.resource.OperationsControllerTest$OperationList" time="0.069"/>
  <system-out><![CDATA[10:29:13.493 [Test worker] DEBUG org.springframework.test.context.BootstrapUtils - Instantiating CacheAwareContextLoaderDelegate from class [org.springframework.test.context.cache.DefaultCacheAwareContextLoaderDelegate]
10:29:13.493 [Test worker] DEBUG org.springframework.test.context.BootstrapUtils - Instantiating BootstrapContext using constructor [public org.springframework.test.context.support.DefaultBootstrapContext(java.lang.Class,org.springframework.test.context.CacheAwareContextLoaderDelegate)]
10:29:13.493 [Test worker] DEBUG org.springframework.test.context.BootstrapUtils - Instantiating TestContextBootstrapper for test class [francisco.languagecompiler.resource.OperationsControllerTest$OperationList] from class [org.springframework.test.context.support.DefaultTestContextBootstrapper]
10:29:13.495 [Test worker] INFO org.springframework.test.context.support.DefaultTestContextBootstrapper - Neither @ContextConfiguration nor @ContextHierarchy found for test class [francisco.languagecompiler.resource.OperationsControllerTest$OperationList], using DelegatingSmartContextLoader
10:29:13.495 [Test worker] DEBUG org.springframework.test.context.support.AbstractDelegatingSmartContextLoader - Delegating to GenericXmlContextLoader to process context configuration [ContextConfigurationAttributes@4adb26cb declaringClass = 'francisco.languagecompiler.resource.OperationsControllerTest$OperationList', classes = '{}', locations = '{}', inheritLocations = false, initializers = '{}', inheritInitializers = true, name = [null], contextLoaderClass = 'org.springframework.test.context.ContextLoader'].
10:29:13.496 [Test worker] DEBUG org.springframework.test.context.support.AbstractContextLoader - Did not detect default resource location for test class [francisco.languagecompiler.resource.OperationsControllerTest$OperationList]: class path resource [francisco/languagecompiler/resource/OperationsControllerTest$OperationList-context.xml] does not exist
10:29:13.496 [Test worker] INFO org.springframework.test.context.support.AbstractContextLoader - Could not detect default resource locations for test class [francisco.languagecompiler.resource.OperationsControllerTest$OperationList]: no resource found for suffixes {-context.xml}.
10:29:13.496 [Test worker] DEBUG org.springframework.test.context.support.AbstractDelegatingSmartContextLoader - Delegating to AnnotationConfigContextLoader to process context configuration [ContextConfigurationAttributes@4adb26cb declaringClass = 'francisco.languagecompiler.resource.OperationsControllerTest$OperationList', classes = '{}', locations = '{}', inheritLocations = false, initializers = '{}', inheritInitializers = true, name = [null], contextLoaderClass = 'org.springframework.test.context.ContextLoader'].
10:29:13.497 [Test worker] INFO org.springframework.test.context.support.AnnotationConfigContextLoaderUtils - Could not detect default configuration classes for test class [francisco.languagecompiler.resource.OperationsControllerTest$OperationList]: OperationList does not declare any static, non-private, non-final, nested classes annotated with @Configuration.
10:29:13.498 [Test worker] DEBUG org.springframework.test.context.support.ActiveProfilesUtils - Could not find an 'annotation declaring class' for annotation type [org.springframework.test.context.ActiveProfiles] and class [francisco.languagecompiler.resource.OperationsControllerTest$OperationList]
10:29:13.498 [Test worker] DEBUG org.springframework.test.context.support.DefaultTestContextBootstrapper - @TestExecutionListeners is not present for class [francisco.languagecompiler.resource.OperationsControllerTest$OperationList]: using defaults.
10:29:13.498 [Test worker] INFO org.springframework.test.context.support.DefaultTestContextBootstrapper - Loaded default TestExecutionListener class names from location [META-INF/spring.factories]: [org.springframework.boot.test.autoconfigure.restdocs.RestDocsTestExecutionListener, org.springframework.boot.test.autoconfigure.web.client.MockRestServiceServerResetTestExecutionListener, org.springframework.boot.test.autoconfigure.web.servlet.MockMvcPrintOnlyOnFailureTestExecutionListener, org.springframework.boot.test.autoconfigure.web.servlet.WebDriverTestExecutionListener, org.springframework.boot.test.autoconfigure.webservices.client.MockWebServiceServerTestExecutionListener, org.springframework.boot.test.mock.mockito.MockitoTestExecutionListener, org.springframework.boot.test.mock.mockito.ResetMocksTestExecutionListener, org.springframework.test.context.web.ServletTestExecutionListener, org.springframework.test.context.support.DirtiesContextBeforeModesTestExecutionListener, org.springframework.test.context.support.DependencyInjectionTestExecutionListener, org.springframework.test.context.support.DirtiesContextTestExecutionListener, org.springframework.test.context.transaction.TransactionalTestExecutionListener, org.springframework.test.context.jdbc.SqlScriptsTestExecutionListener, org.springframework.test.context.event.EventPublishingTestExecutionListener]
10:29:13.498 [Test worker] DEBUG org.springframework.test.context.support.DefaultTestContextBootstrapper - Skipping candidate TestExecutionListener [org.springframework.test.context.transaction.TransactionalTestExecutionListener] due to a missing dependency. Specify custom listener classes or make the default listener classes and their required dependencies available. Offending class: [org/springframework/transaction/interceptor/TransactionAttributeSource]
10:29:13.498 [Test worker] DEBUG org.springframework.test.context.support.DefaultTestContextBootstrapper - Skipping candidate TestExecutionListener [org.springframework.test.context.jdbc.SqlScriptsTestExecutionListener] due to a missing dependency. Specify custom listener classes or make the default listener classes and their required dependencies available. Offending class: [org/springframework/transaction/interceptor/TransactionAttribute]
10:29:13.499 [Test worker] INFO org.springframework.test.context.support.DefaultTestContextBootstrapper - Using TestExecutionListeners: [org.springframework.test.context.web.ServletTestExecutionListener@3a38d6d1, org.springframework.test.context.support.DirtiesContextBeforeModesTestExecutionListener@3d4dc53f, org.springframework.boot.test.mock.mockito.MockitoTestExecutionListener@5d9badc5, org.springframework.test.context.support.DependencyInjectionTestExecutionListener@3b10975f, org.springframework.test.context.support.DirtiesContextTestExecutionListener@476250b2, org.springframework.test.context.event.EventPublishingTestExecutionListener@1455015c, org.springframework.boot.test.autoconfigure.restdocs.RestDocsTestExecutionListener@14207396, org.springframework.boot.test.autoconfigure.web.client.MockRestServiceServerResetTestExecutionListener@2bb5a422, org.springframework.boot.test.autoconfigure.web.servlet.MockMvcPrintOnlyOnFailureTestExecutionListener@7e079626, org.springframework.boot.test.autoconfigure.web.servlet.WebDriverTestExecutionListener@42e4375b, org.springframework.boot.test.autoconfigure.webservices.client.MockWebServiceServerTestExecutionListener@55cf4052, org.springframework.boot.test.mock.mockito.ResetMocksTestExecutionListener@535d7a7d]
10:29:13.499 [Test worker] DEBUG org.springframework.test.context.support.AbstractDirtiesContextTestExecutionListener - Before test class: context [DefaultTestContext@11297096 testClass = OperationsControllerTest.OperationList, testInstance = [null], testMethod = [null], testException = [null], mergedContextConfiguration = [MergedContextConfiguration@7214c307 testClass = OperationsControllerTest.OperationList, locations = '{}', classes = '{}', contextInitializerClasses = '[]', activeProfiles = '{}', propertySourceLocations = '{}', propertySourceProperties = '{}', contextCustomizers = set[org.springframework.boot.test.autoconfigure.properties.PropertyMappingContextCustomizer@0, org.springframework.boot.test.autoconfigure.web.servlet.WebDriverContextCustomizerFactory$Customizer@5a2ac724, org.springframework.boot.test.context.filter.ExcludeFilterContextCustomizer@407680b5, org.springframework.boot.test.json.DuplicateJsonObjectContextCustomizerFactory$DuplicateJsonObjectContextCustomizer@5197115a, org.springframework.boot.test.mock.mockito.MockitoContextCustomizer@0], contextLoader = 'org.springframework.test.context.support.DelegatingSmartContextLoader', parent = [null]], attributes = map[[empty]]], class annotated with @DirtiesContext [false] with mode [null].
10:29:13.512 [Test worker] DEBUG org.springframework.test.context.support.TestPropertySourceUtils - Adding inlined properties to environment: {spring.jmx.enabled=false, org.springframework.boot.test.context.SpringBootTestContextBootstrapper=true}

  .   ____          _            __ _ _
 /\\ / ___'_ __ _ _(_)_ __  __ _ \ \ \ \
( ( )\___ | '_ | '_| | '_ \/ _` | \ \ \ \
 \\/  ___)| |_)| | | | | || (_| |  ) ) ) )
  '  |____| .__|_| |_|_| |_\__, | / / / /
 =========|_|==============|___/=/_/_/_/
 :: Spring Boot ::        (v2.3.4.RELEASE)

2024-01-07 10:29:13.800  INFO 81186 --- [    Test worker] f.l.resource.OperationsControllerTest    : Starting OperationsControllerTest on Franciscos-MBP with PID 81186 (started by francisco in /Users/francisco/Mestrado/DAS/TP/language-compiler-api)
2024-01-07 10:29:13.801  INFO 81186 --- [    Test worker] f.l.resource.OperationsControllerTest    : No active profile set, falling back to default profiles: default
2024-01-07 10:29:14.896  INFO 81186 --- [    Test worker] o.s.s.concurrent.ThreadPoolTaskExecutor  : Initializing ExecutorService 'applicationTaskExecutor'
2024-01-07 10:29:14.974  WARN 81186 --- [    Test worker] ion$DefaultTemplateResolverConfiguration : Cannot find template location: classpath:/templates/ (please add some templates or check your Thymeleaf configuration)
2024-01-07 10:29:15.020  INFO 81186 --- [    Test worker] o.s.b.t.m.w.SpringBootMockServletContext : Initializing Spring TestDispatcherServlet ''
2024-01-07 10:29:15.020  INFO 81186 --- [    Test worker] o.s.t.web.servlet.TestDispatcherServlet  : Initializing Servlet ''
2024-01-07 10:29:15.024  INFO 81186 --- [    Test worker] o.s.t.web.servlet.TestDispatcherServlet  : Completed initialization in 4 ms
2024-01-07 10:29:15.203  INFO 81186 --- [    Test worker] f.l.resource.OperationsControllerTest    : Started OperationsControllerTest in 1.686 seconds (JVM running for 2.249)
]]></system-out>
  <system-err><![CDATA[]]></system-err>
</testsuite>
