<?xml version="1.0" encoding="UTF-8"?>
<testsuite name="francisco.languagecompiler.resource.BuildsControllerTest" tests="0" skipped="0" failures="0" errors="0" timestamp="1970-01-01T00:00:00" hostname="Franciscos-MBP" time="0.0">
  <properties/>
  <system-out><![CDATA[2024-01-06 13:12:13.906  INFO 95762 --- [    Test worker] .b.t.c.SpringBootTestContextBootstrapper : Neither @ContextConfiguration nor @ContextHierarchy found for test class [francisco.languagecompiler.resource.BuildsControllerTest], using SpringBootContextLoader
2024-01-06 13:12:13.907  INFO 95762 --- [    Test worker] o.s.t.c.support.AbstractContextLoader    : Could not detect default resource locations for test class [francisco.languagecompiler.resource.BuildsControllerTest]: no resource found for suffixes {-context.xml, Context.groovy}.
2024-01-06 13:12:13.909  INFO 95762 --- [    Test worker] .b.t.c.SpringBootTestContextBootstrapper : Loaded default TestExecutionListener class names from location [META-INF/spring.factories]: [org.springframework.boot.test.autoconfigure.restdocs.RestDocsTestExecutionListener, org.springframework.boot.test.autoconfigure.web.client.MockRestServiceServerResetTestExecutionListener, org.springframework.boot.test.autoconfigure.web.servlet.MockMvcPrintOnlyOnFailureTestExecutionListener, org.springframework.boot.test.autoconfigure.web.servlet.WebDriverTestExecutionListener, org.springframework.boot.test.autoconfigure.webservices.client.MockWebServiceServerTestExecutionListener, org.springframework.boot.test.mock.mockito.MockitoTestExecutionListener, org.springframework.boot.test.mock.mockito.ResetMocksTestExecutionListener, org.springframework.test.context.web.ServletTestExecutionListener, org.springframework.test.context.support.DirtiesContextBeforeModesTestExecutionListener, org.springframework.test.context.support.DependencyInjectionTestExecutionListener, org.springframework.test.context.support.DirtiesContextTestExecutionListener, org.springframework.test.context.transaction.TransactionalTestExecutionListener, org.springframework.test.context.jdbc.SqlScriptsTestExecutionListener, org.springframework.test.context.event.EventPublishingTestExecutionListener]
2024-01-06 13:12:13.910  INFO 95762 --- [    Test worker] .b.t.c.SpringBootTestContextBootstrapper : Using TestExecutionListeners: [org.springframework.test.context.web.ServletTestExecutionListener@ec5e34, org.springframework.test.context.support.DirtiesContextBeforeModesTestExecutionListener@1f20661c, org.springframework.boot.test.mock.mockito.MockitoTestExecutionListener@51fada7d, org.springframework.boot.test.autoconfigure.SpringBootDependencyInjectionTestExecutionListener@370dedec, org.springframework.test.context.support.DirtiesContextTestExecutionListener@55f208c7, org.springframework.test.context.event.EventPublishingTestExecutionListener@497e84e3, org.springframework.boot.test.autoconfigure.restdocs.RestDocsTestExecutionListener@4e509683, org.springframework.boot.test.autoconfigure.web.client.MockRestServiceServerResetTestExecutionListener@166a7028, org.springframework.boot.test.autoconfigure.web.servlet.MockMvcPrintOnlyOnFailureTestExecutionListener@539bf612, org.springframework.boot.test.autoconfigure.web.servlet.WebDriverTestExecutionListener@6e7f391e, org.springframework.boot.test.autoconfigure.webservices.client.MockWebServiceServerTestExecutionListener@24514edc, org.springframework.boot.test.mock.mockito.ResetMocksTestExecutionListener@61ff914e]
]]></system-out>
  <system-err><![CDATA[]]></system-err>
</testsuite>
