<?xml version="1.0" encoding="UTF-8"?>
<testsuite name="Operation Creation Tests" tests="1" skipped="0" failures="0" errors="0" timestamp="2024-01-16T22:37:52" hostname="Franciscos-MBP" time="0.005">
  <properties/>
  <testcase name="Create operation from build" classname="francisco.languagecompiler.resource.OperationsControllerTest$OperationCreation" time="0.005"/>
  <system-out><![CDATA[2024-01-16 22:37:52.205  INFO 15586 --- [    Test worker] o.s.t.c.s.DefaultTestContextBootstrapper : Neither @ContextConfiguration nor @ContextHierarchy found for test class [francisco.languagecompiler.resource.OperationsControllerTest$OperationCreation], using DelegatingSmartContextLoader
2024-01-16 22:37:52.206  INFO 15586 --- [    Test worker] o.s.t.c.support.AbstractContextLoader    : Could not detect default resource locations for test class [francisco.languagecompiler.resource.OperationsControllerTest$OperationCreation]: no resource found for suffixes {-context.xml}.
2024-01-16 22:37:52.206  INFO 15586 --- [    Test worker] t.c.s.AnnotationConfigContextLoaderUtils : Could not detect default configuration classes for test class [francisco.languagecompiler.resource.OperationsControllerTest$OperationCreation]: OperationCreation does not declare any static, non-private, non-final, nested classes annotated with @Configuration.
2024-01-16 22:37:52.206  INFO 15586 --- [    Test worker] o.s.t.c.s.DefaultTestContextBootstrapper : Loaded default TestExecutionListener class names from location [META-INF/spring.factories]: [org.springframework.boot.test.autoconfigure.restdocs.RestDocsTestExecutionListener, org.springframework.boot.test.autoconfigure.web.client.MockRestServiceServerResetTestExecutionListener, org.springframework.boot.test.autoconfigure.web.servlet.MockMvcPrintOnlyOnFailureTestExecutionListener, org.springframework.boot.test.autoconfigure.web.servlet.WebDriverTestExecutionListener, org.springframework.boot.test.autoconfigure.webservices.client.MockWebServiceServerTestExecutionListener, org.springframework.boot.test.mock.mockito.MockitoTestExecutionListener, org.springframework.boot.test.mock.mockito.ResetMocksTestExecutionListener, org.springframework.test.context.web.ServletTestExecutionListener, org.springframework.test.context.support.DirtiesContextBeforeModesTestExecutionListener, org.springframework.test.context.support.DependencyInjectionTestExecutionListener, org.springframework.test.context.support.DirtiesContextTestExecutionListener, org.springframework.test.context.transaction.TransactionalTestExecutionListener, org.springframework.test.context.jdbc.SqlScriptsTestExecutionListener, org.springframework.test.context.event.EventPublishingTestExecutionListener]
2024-01-16 22:37:52.206  INFO 15586 --- [    Test worker] o.s.t.c.s.DefaultTestContextBootstrapper : Using TestExecutionListeners: [org.springframework.test.context.web.ServletTestExecutionListener@18b73998, org.springframework.test.context.support.DirtiesContextBeforeModesTestExecutionListener@5422b149, org.springframework.boot.test.mock.mockito.MockitoTestExecutionListener@397c5b42, org.springframework.test.context.support.DependencyInjectionTestExecutionListener@4fffef76, org.springframework.test.context.support.DirtiesContextTestExecutionListener@6e2564e8, org.springframework.test.context.event.EventPublishingTestExecutionListener@2f4c289c, org.springframework.boot.test.autoconfigure.restdocs.RestDocsTestExecutionListener@74b1c07c, org.springframework.boot.test.autoconfigure.web.client.MockRestServiceServerResetTestExecutionListener@448515c3, org.springframework.boot.test.autoconfigure.web.servlet.MockMvcPrintOnlyOnFailureTestExecutionListener@1422b9f, org.springframework.boot.test.autoconfigure.web.servlet.WebDriverTestExecutionListener@4f04ebe3, org.springframework.boot.test.autoconfigure.webservices.client.MockWebServiceServerTestExecutionListener@354c705f, org.springframework.boot.test.mock.mockito.ResetMocksTestExecutionListener@598b4038]

  .   ____          _            __ _ _
 /\\ / ___'_ __ _ _(_)_ __  __ _ \ \ \ \
( ( )\___ | '_ | '_| | '_ \/ _` | \ \ \ \
 \\/  ___)| |_)| | | | | || (_| |  ) ) ) )
  '  |____| .__|_| |_|_| |_\__, | / / / /
 =========|_|==============|___/=/_/_/_/
 :: Spring Boot ::        (v2.3.4.RELEASE)

2024-01-16 22:37:52.213  INFO 15586 --- [    Test worker] f.l.resource.OperationsControllerTest    : Starting OperationsControllerTest on Franciscos-MBP with PID 15586 (started by francisco in /Users/francisco/Mestrado/DAS/TP/language-compiler-api)
2024-01-16 22:37:52.214  INFO 15586 --- [    Test worker] f.l.resource.OperationsControllerTest    : No active profile set, falling back to default profiles: default
2024-01-16 22:37:52.453  INFO 15586 --- [    Test worker] o.s.s.concurrent.ThreadPoolTaskExecutor  : Initializing ExecutorService 'applicationTaskExecutor'
2024-01-16 22:37:52.476  WARN 15586 --- [    Test worker] ion$DefaultTemplateResolverConfiguration : Cannot find template location: classpath:/templates/ (please add some templates or check your Thymeleaf configuration)
2024-01-16 22:37:52.494  INFO 15586 --- [    Test worker] o.s.b.t.m.w.SpringBootMockServletContext : Initializing Spring TestDispatcherServlet ''
2024-01-16 22:37:52.495  INFO 15586 --- [    Test worker] o.s.t.web.servlet.TestDispatcherServlet  : Initializing Servlet ''
2024-01-16 22:37:52.496  INFO 15586 --- [    Test worker] o.s.t.web.servlet.TestDispatcherServlet  : Completed initialization in 1 ms
2024-01-16 22:37:52.539  INFO 15586 --- [    Test worker] f.l.resource.OperationsControllerTest    : Started OperationsControllerTest in 0.332 seconds (JVM running for 2.902)
]]></system-out>
  <system-err><![CDATA[]]></system-err>
</testsuite>
