<?xml version="1.0" encoding="UTF-8"?>
<testsuite name="Operation List Tests" tests="1" skipped="0" failures="0" errors="0" timestamp="2024-01-16T22:37:52" hostname="Franciscos-MBP" time="0.003">
  <properties/>
  <testcase name="Get Operations - Standard" classname="francisco.languagecompiler.resource.OperationsControllerTest$OperationList" time="0.003"/>
  <system-out><![CDATA[2024-01-16 22:37:52.554  INFO 15586 --- [    Test worker] o.s.t.c.s.DefaultTestContextBootstrapper : Neither @ContextConfiguration nor @ContextHierarchy found for test class [francisco.languagecompiler.resource.OperationsControllerTest$OperationList], using DelegatingSmartContextLoader
2024-01-16 22:37:52.555  INFO 15586 --- [    Test worker] o.s.t.c.support.AbstractContextLoader    : Could not detect default resource locations for test class [francisco.languagecompiler.resource.OperationsControllerTest$OperationList]: no resource found for suffixes {-context.xml}.
2024-01-16 22:37:52.555  INFO 15586 --- [    Test worker] t.c.s.AnnotationConfigContextLoaderUtils : Could not detect default configuration classes for test class [francisco.languagecompiler.resource.OperationsControllerTest$OperationList]: OperationList does not declare any static, non-private, non-final, nested classes annotated with @Configuration.
2024-01-16 22:37:52.555  INFO 15586 --- [    Test worker] o.s.t.c.s.DefaultTestContextBootstrapper : Loaded default TestExecutionListener class names from location [META-INF/spring.factories]: [org.springframework.boot.test.autoconfigure.restdocs.RestDocsTestExecutionListener, org.springframework.boot.test.autoconfigure.web.client.MockRestServiceServerResetTestExecutionListener, org.springframework.boot.test.autoconfigure.web.servlet.MockMvcPrintOnlyOnFailureTestExecutionListener, org.springframework.boot.test.autoconfigure.web.servlet.WebDriverTestExecutionListener, org.springframework.boot.test.autoconfigure.webservices.client.MockWebServiceServerTestExecutionListener, org.springframework.boot.test.mock.mockito.MockitoTestExecutionListener, org.springframework.boot.test.mock.mockito.ResetMocksTestExecutionListener, org.springframework.test.context.web.ServletTestExecutionListener, org.springframework.test.context.support.DirtiesContextBeforeModesTestExecutionListener, org.springframework.test.context.support.DependencyInjectionTestExecutionListener, org.springframework.test.context.support.DirtiesContextTestExecutionListener, org.springframework.test.context.transaction.TransactionalTestExecutionListener, org.springframework.test.context.jdbc.SqlScriptsTestExecutionListener, org.springframework.test.context.event.EventPublishingTestExecutionListener]
2024-01-16 22:37:52.555  INFO 15586 --- [    Test worker] o.s.t.c.s.DefaultTestContextBootstrapper : Using TestExecutionListeners: [org.springframework.test.context.web.ServletTestExecutionListener@1d55657a, org.springframework.test.context.support.DirtiesContextBeforeModesTestExecutionListener@660f37bd, org.springframework.boot.test.mock.mockito.MockitoTestExecutionListener@218d1c60, org.springframework.test.context.support.DependencyInjectionTestExecutionListener@4f9a7fc7, org.springframework.test.context.support.DirtiesContextTestExecutionListener@7952bdfb, org.springframework.test.context.event.EventPublishingTestExecutionListener@66ffcfb3, org.springframework.boot.test.autoconfigure.restdocs.RestDocsTestExecutionListener@2fd8a110, org.springframework.boot.test.autoconfigure.web.client.MockRestServiceServerResetTestExecutionListener@3320976b, org.springframework.boot.test.autoconfigure.web.servlet.MockMvcPrintOnlyOnFailureTestExecutionListener@5ff14991, org.springframework.boot.test.autoconfigure.web.servlet.WebDriverTestExecutionListener@476b978b, org.springframework.boot.test.autoconfigure.webservices.client.MockWebServiceServerTestExecutionListener@2dd16e57, org.springframework.boot.test.mock.mockito.ResetMocksTestExecutionListener@1a7d3f49]
]]></system-out>
  <system-err><![CDATA[]]></system-err>
</testsuite>
