<?xml version="1.0" encoding="UTF-8"?>
<testsuite name="francisco.languagecompiler.resource.BuildsControllerTest" tests="0" skipped="0" failures="0" errors="0" timestamp="1970-01-01T00:00:00" hostname="Franciscos-MBP" time="0.0">
  <properties/>
  <system-out><![CDATA[2024-01-16 22:37:51.648  INFO 15586 --- [    Test worker] .b.t.c.SpringBootTestContextBootstrapper : Neither @ContextConfiguration nor @ContextHierarchy found for test class [francisco.languagecompiler.resource.BuildsControllerTest], using SpringBootContextLoader
2024-01-16 22:37:51.648  INFO 15586 --- [    Test worker] o.s.t.c.support.AbstractContextLoader    : Could not detect default resource locations for test class [francisco.languagecompiler.resource.BuildsControllerTest]: no resource found for suffixes {-context.xml, Context.groovy}.
2024-01-16 22:37:51.651  INFO 15586 --- [    Test worker] .b.t.c.SpringBootTestContextBootstrapper : Loaded default TestExecutionListener class names from location [META-INF/spring.factories]: [org.springframework.boot.test.autoconfigure.restdocs.RestDocsTestExecutionListener, org.springframework.boot.test.autoconfigure.web.client.MockRestServiceServerResetTestExecutionListener, org.springframework.boot.test.autoconfigure.web.servlet.MockMvcPrintOnlyOnFailureTestExecutionListener, org.springframework.boot.test.autoconfigure.web.servlet.WebDriverTestExecutionListener, org.springframework.boot.test.autoconfigure.webservices.client.MockWebServiceServerTestExecutionListener, org.springframework.boot.test.mock.mockito.MockitoTestExecutionListener, org.springframework.boot.test.mock.mockito.ResetMocksTestExecutionListener, org.springframework.test.context.web.ServletTestExecutionListener, org.springframework.test.context.support.DirtiesContextBeforeModesTestExecutionListener, org.springframework.test.context.support.DependencyInjectionTestExecutionListener, org.springframework.test.context.support.DirtiesContextTestExecutionListener, org.springframework.test.context.transaction.TransactionalTestExecutionListener, org.springframework.test.context.jdbc.SqlScriptsTestExecutionListener, org.springframework.test.context.event.EventPublishingTestExecutionListener]
2024-01-16 22:37:51.651  INFO 15586 --- [    Test worker] .b.t.c.SpringBootTestContextBootstrapper : Using TestExecutionListeners: [org.springframework.test.context.web.ServletTestExecutionListener@18b9997c, org.springframework.test.context.support.DirtiesContextBeforeModesTestExecutionListener@59902e10, org.springframework.boot.test.mock.mockito.MockitoTestExecutionListener@5d6fdaa, org.springframework.boot.test.autoconfigure.SpringBootDependencyInjectionTestExecutionListener@31d732ba, org.springframework.test.context.support.DirtiesContextTestExecutionListener@65713f85, org.springframework.test.context.event.EventPublishingTestExecutionListener@3dc96d95, org.springframework.boot.test.autoconfigure.restdocs.RestDocsTestExecutionListener@fc0ec2b, org.springframework.boot.test.autoconfigure.web.client.MockRestServiceServerResetTestExecutionListener@70a5d8b, org.springframework.boot.test.autoconfigure.web.servlet.MockMvcPrintOnlyOnFailureTestExecutionListener@6bebc7f8, org.springframework.boot.test.autoconfigure.web.servlet.WebDriverTestExecutionListener@1db8aad5, org.springframework.boot.test.autoconfigure.webservices.client.MockWebServiceServerTestExecutionListener@1591acfd, org.springframework.boot.test.mock.mockito.ResetMocksTestExecutionListener@40224dc1]
]]></system-out>
  <system-err><![CDATA[]]></system-err>
</testsuite>
