<?xml version="1.0" encoding="UTF-8"?>
<testsuite name="francisco.languagecompiler.resource.OperationsControllerTest" tests="0" skipped="0" failures="0" errors="0" timestamp="1970-01-01T00:00:00" hostname="Franciscos-MBP" time="0.0">
  <properties/>
  <system-out><![CDATA[2024-01-11 21:02:48.827  INFO 53765 --- [    Test worker] .b.t.c.SpringBootTestContextBootstrapper : Neither @ContextConfiguration nor @ContextHierarchy found for test class [francisco.languagecompiler.resource.OperationsControllerTest], using SpringBootContextLoader
2024-01-11 21:02:48.828  INFO 53765 --- [    Test worker] o.s.t.c.support.AbstractContextLoader    : Could not detect default resource locations for test class [francisco.languagecompiler.resource.OperationsControllerTest]: no resource found for suffixes {-context.xml, Context.groovy}.
2024-01-11 21:02:48.829  INFO 53765 --- [    Test worker] .b.t.c.SpringBootTestContextBootstrapper : Loaded default TestExecutionListener class names from location [META-INF/spring.factories]: [org.springframework.boot.test.autoconfigure.restdocs.RestDocsTestExecutionListener, org.springframework.boot.test.autoconfigure.web.client.MockRestServiceServerResetTestExecutionListener, org.springframework.boot.test.autoconfigure.web.servlet.MockMvcPrintOnlyOnFailureTestExecutionListener, org.springframework.boot.test.autoconfigure.web.servlet.WebDriverTestExecutionListener, org.springframework.boot.test.autoconfigure.webservices.client.MockWebServiceServerTestExecutionListener, org.springframework.boot.test.mock.mockito.MockitoTestExecutionListener, org.springframework.boot.test.mock.mockito.ResetMocksTestExecutionListener, org.springframework.test.context.web.ServletTestExecutionListener, org.springframework.test.context.support.DirtiesContextBeforeModesTestExecutionListener, org.springframework.test.context.support.DependencyInjectionTestExecutionListener, org.springframework.test.context.support.DirtiesContextTestExecutionListener, org.springframework.test.context.transaction.TransactionalTestExecutionListener, org.springframework.test.context.jdbc.SqlScriptsTestExecutionListener, org.springframework.test.context.event.EventPublishingTestExecutionListener]
2024-01-11 21:02:48.830  INFO 53765 --- [    Test worker] .b.t.c.SpringBootTestContextBootstrapper : Using TestExecutionListeners: [org.springframework.test.context.web.ServletTestExecutionListener@2f4c289c, org.springframework.test.context.support.DirtiesContextBeforeModesTestExecutionListener@74b1c07c, org.springframework.boot.test.mock.mockito.MockitoTestExecutionListener@448515c3, org.springframework.boot.test.autoconfigure.SpringBootDependencyInjectionTestExecutionListener@1422b9f, org.springframework.test.context.support.DirtiesContextTestExecutionListener@4f04ebe3, org.springframework.test.context.event.EventPublishingTestExecutionListener@354c705f, org.springframework.boot.test.autoconfigure.restdocs.RestDocsTestExecutionListener@598b4038, org.springframework.boot.test.autoconfigure.web.client.MockRestServiceServerResetTestExecutionListener@49858645, org.springframework.boot.test.autoconfigure.web.servlet.MockMvcPrintOnlyOnFailureTestExecutionListener@21b62765, org.springframework.boot.test.autoconfigure.web.servlet.WebDriverTestExecutionListener@77ae6584, org.springframework.boot.test.autoconfigure.webservices.client.MockWebServiceServerTestExecutionListener@742771c9, org.springframework.boot.test.mock.mockito.ResetMocksTestExecutionListener@11f576a6]
]]></system-out>
  <system-err><![CDATA[]]></system-err>
</testsuite>
