<?xml version="1.0" encoding="UTF-8"?>
<testsuite name="Build Retrieval Tests" tests="3" skipped="0" failures="0" errors="0" timestamp="2024-01-06T13:12:14" hostname="Franciscos-MBP" time="0.02">
  <properties/>
  <testcase name="Get Builds with Fields Query String" classname="francisco.languagecompiler.resource.BuildsControllerTest$BuildRetrievalTests" time="0.015"/>
  <testcase name="Get Builds - test MediaType.APPLICATION_JSON" classname="francisco.languagecompiler.resource.BuildsControllerTest$BuildRetrievalTests" time="0.002"/>
  <testcase name="Get Builds - Standard" classname="francisco.languagecompiler.resource.BuildsControllerTest$BuildRetrievalTests" time="0.002"/>
  <system-out><![CDATA[2024-01-06 13:12:14.376  INFO 95762 --- [    Test worker] o.s.t.c.s.DefaultTestContextBootstrapper : Neither @ContextConfiguration nor @ContextHierarchy found for test class [francisco.languagecompiler.resource.BuildsControllerTest$BuildRetrievalTests], using DelegatingSmartContextLoader
2024-01-06 13:12:14.377  INFO 95762 --- [    Test worker] o.s.t.c.support.AbstractContextLoader    : Could not detect default resource locations for test class [francisco.languagecompiler.resource.BuildsControllerTest$BuildRetrievalTests]: no resource found for suffixes {-context.xml}.
2024-01-06 13:12:14.377  INFO 95762 --- [    Test worker] t.c.s.AnnotationConfigContextLoaderUtils : Could not detect default configuration classes for test class [francisco.languagecompiler.resource.BuildsControllerTest$BuildRetrievalTests]: BuildRetrievalTests does not declare any static, non-private, non-final, nested classes annotated with @Configuration.
2024-01-06 13:12:14.377  INFO 95762 --- [    Test worker] o.s.t.c.s.DefaultTestContextBootstrapper : Loaded default TestExecutionListener class names from location [META-INF/spring.factories]: [org.springframework.boot.test.autoconfigure.restdocs.RestDocsTestExecutionListener, org.springframework.boot.test.autoconfigure.web.client.MockRestServiceServerResetTestExecutionListener, org.springframework.boot.test.autoconfigure.web.servlet.MockMvcPrintOnlyOnFailureTestExecutionListener, org.springframework.boot.test.autoconfigure.web.servlet.WebDriverTestExecutionListener, org.springframework.boot.test.autoconfigure.webservices.client.MockWebServiceServerTestExecutionListener, org.springframework.boot.test.mock.mockito.MockitoTestExecutionListener, org.springframework.boot.test.mock.mockito.ResetMocksTestExecutionListener, org.springframework.test.context.web.ServletTestExecutionListener, org.springframework.test.context.support.DirtiesContextBeforeModesTestExecutionListener, org.springframework.test.context.support.DependencyInjectionTestExecutionListener, org.springframework.test.context.support.DirtiesContextTestExecutionListener, org.springframework.test.context.transaction.TransactionalTestExecutionListener, org.springframework.test.context.jdbc.SqlScriptsTestExecutionListener, org.springframework.test.context.event.EventPublishingTestExecutionListener]
2024-01-06 13:12:14.377  INFO 95762 --- [    Test worker] o.s.t.c.s.DefaultTestContextBootstrapper : Using TestExecutionListeners: [org.springframework.test.context.web.ServletTestExecutionListener@4531013f, org.springframework.test.context.support.DirtiesContextBeforeModesTestExecutionListener@37fc47e6, org.springframework.boot.test.mock.mockito.MockitoTestExecutionListener@2ec05daf, org.springframework.test.context.support.DependencyInjectionTestExecutionListener@51407d9c, org.springframework.test.context.support.DirtiesContextTestExecutionListener@1c35b672, org.springframework.test.context.event.EventPublishingTestExecutionListener@49230165, org.springframework.boot.test.autoconfigure.restdocs.RestDocsTestExecutionListener@652210cb, org.springframework.boot.test.autoconfigure.web.client.MockRestServiceServerResetTestExecutionListener@37dc3d6e, org.springframework.boot.test.autoconfigure.web.servlet.MockMvcPrintOnlyOnFailureTestExecutionListener@6eb8bc1, org.springframework.boot.test.autoconfigure.web.servlet.WebDriverTestExecutionListener@57128a50, org.springframework.boot.test.autoconfigure.webservices.client.MockWebServiceServerTestExecutionListener@22437c31, org.springframework.boot.test.mock.mockito.ResetMocksTestExecutionListener@7422025a]
]]></system-out>
  <system-err><![CDATA[]]></system-err>
</testsuite>
