<?xml version="1.0" encoding="UTF-8"?>
<testsuite name="francisco.languagecompiler.resource.OperationsControllerTest" tests="0" skipped="0" failures="0" errors="0" timestamp="1970-01-01T00:00:00" hostname="Franciscos-MBP" time="0.0">
  <properties/>
  <system-out><![CDATA[2024-01-06 13:12:14.409  INFO 95762 --- [    Test worker] .b.t.c.SpringBootTestContextBootstrapper : Neither @ContextConfiguration nor @ContextHierarchy found for test class [francisco.languagecompiler.resource.OperationsControllerTest], using SpringBootContextLoader
2024-01-06 13:12:14.410  INFO 95762 --- [    Test worker] o.s.t.c.support.AbstractContextLoader    : Could not detect default resource locations for test class [francisco.languagecompiler.resource.OperationsControllerTest]: no resource found for suffixes {-context.xml, Context.groovy}.
2024-01-06 13:12:14.411  INFO 95762 --- [    Test worker] .b.t.c.SpringBootTestContextBootstrapper : Loaded default TestExecutionListener class names from location [META-INF/spring.factories]: [org.springframework.boot.test.autoconfigure.restdocs.RestDocsTestExecutionListener, org.springframework.boot.test.autoconfigure.web.client.MockRestServiceServerResetTestExecutionListener, org.springframework.boot.test.autoconfigure.web.servlet.MockMvcPrintOnlyOnFailureTestExecutionListener, org.springframework.boot.test.autoconfigure.web.servlet.WebDriverTestExecutionListener, org.springframework.boot.test.autoconfigure.webservices.client.MockWebServiceServerTestExecutionListener, org.springframework.boot.test.mock.mockito.MockitoTestExecutionListener, org.springframework.boot.test.mock.mockito.ResetMocksTestExecutionListener, org.springframework.test.context.web.ServletTestExecutionListener, org.springframework.test.context.support.DirtiesContextBeforeModesTestExecutionListener, org.springframework.test.context.support.DependencyInjectionTestExecutionListener, org.springframework.test.context.support.DirtiesContextTestExecutionListener, org.springframework.test.context.transaction.TransactionalTestExecutionListener, org.springframework.test.context.jdbc.SqlScriptsTestExecutionListener, org.springframework.test.context.event.EventPublishingTestExecutionListener]
2024-01-06 13:12:14.412  INFO 95762 --- [    Test worker] .b.t.c.SpringBootTestContextBootstrapper : Using TestExecutionListeners: [org.springframework.test.context.web.ServletTestExecutionListener@32757f20, org.springframework.test.context.support.DirtiesContextBeforeModesTestExecutionListener@423c59e8, org.springframework.boot.test.mock.mockito.MockitoTestExecutionListener@766b0e10, org.springframework.boot.test.autoconfigure.SpringBootDependencyInjectionTestExecutionListener@3b4edb1, org.springframework.test.context.support.DirtiesContextTestExecutionListener@1aa11e98, org.springframework.test.context.event.EventPublishingTestExecutionListener@3af2e73d, org.springframework.boot.test.autoconfigure.restdocs.RestDocsTestExecutionListener@144775fd, org.springframework.boot.test.autoconfigure.web.client.MockRestServiceServerResetTestExecutionListener@303adba1, org.springframework.boot.test.autoconfigure.web.servlet.MockMvcPrintOnlyOnFailureTestExecutionListener@22fd56e0, org.springframework.boot.test.autoconfigure.web.servlet.WebDriverTestExecutionListener@f9b868d, org.springframework.boot.test.autoconfigure.webservices.client.MockWebServiceServerTestExecutionListener@20dcf21e, org.springframework.boot.test.mock.mockito.ResetMocksTestExecutionListener@46ddd277]
]]></system-out>
  <system-err><![CDATA[]]></system-err>
</testsuite>
