<?xml version="1.0" encoding="UTF-8"?>
<testsuite name="Operation List Tests" tests="1" skipped="0" failures="0" errors="0" timestamp="2024-01-11T21:02:49" hostname="Franciscos-MBP" time="0.002">
  <properties/>
  <testcase name="Get Operations - Standard" classname="francisco.languagecompiler.resource.OperationsControllerTest$OperationList" time="0.002"/>
  <system-out><![CDATA[2024-01-11 21:02:49.197  INFO 53765 --- [    Test worker] o.s.t.c.s.DefaultTestContextBootstrapper : Neither @ContextConfiguration nor @ContextHierarchy found for test class [francisco.languagecompiler.resource.OperationsControllerTest$OperationList], using DelegatingSmartContextLoader
2024-01-11 21:02:49.197  INFO 53765 --- [    Test worker] o.s.t.c.support.AbstractContextLoader    : Could not detect default resource locations for test class [francisco.languagecompiler.resource.OperationsControllerTest$OperationList]: no resource found for suffixes {-context.xml}.
2024-01-11 21:02:49.198  INFO 53765 --- [    Test worker] t.c.s.AnnotationConfigContextLoaderUtils : Could not detect default configuration classes for test class [francisco.languagecompiler.resource.OperationsControllerTest$OperationList]: OperationList does not declare any static, non-private, non-final, nested classes annotated with @Configuration.
2024-01-11 21:02:49.198  INFO 53765 --- [    Test worker] o.s.t.c.s.DefaultTestContextBootstrapper : Loaded default TestExecutionListener class names from location [META-INF/spring.factories]: [org.springframework.boot.test.autoconfigure.restdocs.RestDocsTestExecutionListener, org.springframework.boot.test.autoconfigure.web.client.MockRestServiceServerResetTestExecutionListener, org.springframework.boot.test.autoconfigure.web.servlet.MockMvcPrintOnlyOnFailureTestExecutionListener, org.springframework.boot.test.autoconfigure.web.servlet.WebDriverTestExecutionListener, org.springframework.boot.test.autoconfigure.webservices.client.MockWebServiceServerTestExecutionListener, org.springframework.boot.test.mock.mockito.MockitoTestExecutionListener, org.springframework.boot.test.mock.mockito.ResetMocksTestExecutionListener, org.springframework.test.context.web.ServletTestExecutionListener, org.springframework.test.context.support.DirtiesContextBeforeModesTestExecutionListener, org.springframework.test.context.support.DependencyInjectionTestExecutionListener, org.springframework.test.context.support.DirtiesContextTestExecutionListener, org.springframework.test.context.transaction.TransactionalTestExecutionListener, org.springframework.test.context.jdbc.SqlScriptsTestExecutionListener, org.springframework.test.context.event.EventPublishingTestExecutionListener]
2024-01-11 21:02:49.198  INFO 53765 --- [    Test worker] o.s.t.c.s.DefaultTestContextBootstrapper : Using TestExecutionListeners: [org.springframework.test.context.web.ServletTestExecutionListener@4fae9d4e, org.springframework.test.context.support.DirtiesContextBeforeModesTestExecutionListener@2fe3300c, org.springframework.boot.test.mock.mockito.MockitoTestExecutionListener@ac43ca1, org.springframework.test.context.support.DependencyInjectionTestExecutionListener@26edd874, org.springframework.test.context.support.DirtiesContextTestExecutionListener@1d92650a, org.springframework.test.context.event.EventPublishingTestExecutionListener@2b4745e4, org.springframework.boot.test.autoconfigure.restdocs.RestDocsTestExecutionListener@4d5519, org.springframework.boot.test.autoconfigure.web.client.MockRestServiceServerResetTestExecutionListener@48ab031c, org.springframework.boot.test.autoconfigure.web.servlet.MockMvcPrintOnlyOnFailureTestExecutionListener@461f9536, org.springframework.boot.test.autoconfigure.web.servlet.WebDriverTestExecutionListener@57668074, org.springframework.boot.test.autoconfigure.webservices.client.MockWebServiceServerTestExecutionListener@3de9e21c, org.springframework.boot.test.mock.mockito.ResetMocksTestExecutionListener@2dcaa55e]
]]></system-out>
  <system-err><![CDATA[]]></system-err>
</testsuite>
