<?xml version="1.0" encoding="UTF-8"?>
<testsuite name="Build Retrieval Tests" tests="3" skipped="0" failures="0" errors="0" timestamp="2024-01-16T22:37:52" hostname="Franciscos-MBP" time="0.018">
  <properties/>
  <testcase name="Get Builds with Fields Query String" classname="francisco.languagecompiler.resource.BuildsControllerTest$BuildRetrievalTests" time="0.014"/>
  <testcase name="Get Builds - test MediaType.APPLICATION_JSON" classname="francisco.languagecompiler.resource.BuildsControllerTest$BuildRetrievalTests" time="0.002"/>
  <testcase name="Get Builds - Standard" classname="francisco.languagecompiler.resource.BuildsControllerTest$BuildRetrievalTests" time="0.002"/>
  <system-out><![CDATA[2024-01-16 22:37:52.172  INFO 15586 --- [    Test worker] o.s.t.c.s.DefaultTestContextBootstrapper : Neither @ContextConfiguration nor @ContextHierarchy found for test class [francisco.languagecompiler.resource.BuildsControllerTest$BuildRetrievalTests], using DelegatingSmartContextLoader
2024-01-16 22:37:52.173  INFO 15586 --- [    Test worker] o.s.t.c.support.AbstractContextLoader    : Could not detect default resource locations for test class [francisco.languagecompiler.resource.BuildsControllerTest$BuildRetrievalTests]: no resource found for suffixes {-context.xml}.
2024-01-16 22:37:52.173  INFO 15586 --- [    Test worker] t.c.s.AnnotationConfigContextLoaderUtils : Could not detect default configuration classes for test class [francisco.languagecompiler.resource.BuildsControllerTest$BuildRetrievalTests]: BuildRetrievalTests does not declare any static, non-private, non-final, nested classes annotated with @Configuration.
2024-01-16 22:37:52.173  INFO 15586 --- [    Test worker] o.s.t.c.s.DefaultTestContextBootstrapper : Loaded default TestExecutionListener class names from location [META-INF/spring.factories]: [org.springframework.boot.test.autoconfigure.restdocs.RestDocsTestExecutionListener, org.springframework.boot.test.autoconfigure.web.client.MockRestServiceServerResetTestExecutionListener, org.springframework.boot.test.autoconfigure.web.servlet.MockMvcPrintOnlyOnFailureTestExecutionListener, org.springframework.boot.test.autoconfigure.web.servlet.WebDriverTestExecutionListener, org.springframework.boot.test.autoconfigure.webservices.client.MockWebServiceServerTestExecutionListener, org.springframework.boot.test.mock.mockito.MockitoTestExecutionListener, org.springframework.boot.test.mock.mockito.ResetMocksTestExecutionListener, org.springframework.test.context.web.ServletTestExecutionListener, org.springframework.test.context.support.DirtiesContextBeforeModesTestExecutionListener, org.springframework.test.context.support.DependencyInjectionTestExecutionListener, org.springframework.test.context.support.DirtiesContextTestExecutionListener, org.springframework.test.context.transaction.TransactionalTestExecutionListener, org.springframework.test.context.jdbc.SqlScriptsTestExecutionListener, org.springframework.test.context.event.EventPublishingTestExecutionListener]
2024-01-16 22:37:52.173  INFO 15586 --- [    Test worker] o.s.t.c.s.DefaultTestContextBootstrapper : Using TestExecutionListeners: [org.springframework.test.context.web.ServletTestExecutionListener@67f1a6ca, org.springframework.test.context.support.DirtiesContextBeforeModesTestExecutionListener@5ff1b4c1, org.springframework.boot.test.mock.mockito.MockitoTestExecutionListener@367b6b78, org.springframework.test.context.support.DependencyInjectionTestExecutionListener@43205508, org.springframework.test.context.support.DirtiesContextTestExecutionListener@290d7c50, org.springframework.test.context.event.EventPublishingTestExecutionListener@7b88920c, org.springframework.boot.test.autoconfigure.restdocs.RestDocsTestExecutionListener@16c506ae, org.springframework.boot.test.autoconfigure.web.client.MockRestServiceServerResetTestExecutionListener@578c896b, org.springframework.boot.test.autoconfigure.web.servlet.MockMvcPrintOnlyOnFailureTestExecutionListener@15219036, org.springframework.boot.test.autoconfigure.web.servlet.WebDriverTestExecutionListener@2a86786c, org.springframework.boot.test.autoconfigure.webservices.client.MockWebServiceServerTestExecutionListener@14c8ebe4, org.springframework.boot.test.mock.mockito.ResetMocksTestExecutionListener@273cffc7]
]]></system-out>
  <system-err><![CDATA[]]></system-err>
</testsuite>
