<?xml version="1.0" encoding="UTF-8"?>
<testsuite name="Operation Creation Tests" tests="2" skipped="0" failures="0" errors="0" timestamp="2024-01-06T13:12:14" hostname="Franciscos-MBP" time="0.006">
  <properties/>
  <testcase name="Create build to create operation" classname="francisco.languagecompiler.resource.OperationsControllerTest$OperationCreation" time="0.005"/>
  <testcase name="Create build with missing Build id" classname="francisco.languagecompiler.resource.OperationsControllerTest$OperationCreation" time="0.001"/>
  <system-out><![CDATA[2024-01-06 13:12:14.412  INFO 95762 --- [    Test worker] o.s.t.c.s.DefaultTestContextBootstrapper : Neither @ContextConfiguration nor @ContextHierarchy found for test class [francisco.languagecompiler.resource.OperationsControllerTest$OperationCreation], using DelegatingSmartContextLoader
2024-01-06 13:12:14.412  INFO 95762 --- [    Test worker] o.s.t.c.support.AbstractContextLoader    : Could not detect default resource locations for test class [francisco.languagecompiler.resource.OperationsControllerTest$OperationCreation]: no resource found for suffixes {-context.xml}.
2024-01-06 13:12:14.413  INFO 95762 --- [    Test worker] t.c.s.AnnotationConfigContextLoaderUtils : Could not detect default configuration classes for test class [francisco.languagecompiler.resource.OperationsControllerTest$OperationCreation]: OperationCreation does not declare any static, non-private, non-final, nested classes annotated with @Configuration.
2024-01-06 13:12:14.413  INFO 95762 --- [    Test worker] o.s.t.c.s.DefaultTestContextBootstrapper : Loaded default TestExecutionListener class names from location [META-INF/spring.factories]: [org.springframework.boot.test.autoconfigure.restdocs.RestDocsTestExecutionListener, org.springframework.boot.test.autoconfigure.web.client.MockRestServiceServerResetTestExecutionListener, org.springframework.boot.test.autoconfigure.web.servlet.MockMvcPrintOnlyOnFailureTestExecutionListener, org.springframework.boot.test.autoconfigure.web.servlet.WebDriverTestExecutionListener, org.springframework.boot.test.autoconfigure.webservices.client.MockWebServiceServerTestExecutionListener, org.springframework.boot.test.mock.mockito.MockitoTestExecutionListener, org.springframework.boot.test.mock.mockito.ResetMocksTestExecutionListener, org.springframework.test.context.web.ServletTestExecutionListener, org.springframework.test.context.support.DirtiesContextBeforeModesTestExecutionListener, org.springframework.test.context.support.DependencyInjectionTestExecutionListener, org.springframework.test.context.support.DirtiesContextTestExecutionListener, org.springframework.test.context.transaction.TransactionalTestExecutionListener, org.springframework.test.context.jdbc.SqlScriptsTestExecutionListener, org.springframework.test.context.event.EventPublishingTestExecutionListener]
2024-01-06 13:12:14.413  INFO 95762 --- [    Test worker] o.s.t.c.s.DefaultTestContextBootstrapper : Using TestExecutionListeners: [org.springframework.test.context.web.ServletTestExecutionListener@edfc61a, org.springframework.test.context.support.DirtiesContextBeforeModesTestExecutionListener@5da386a2, org.springframework.boot.test.mock.mockito.MockitoTestExecutionListener@1aa8d30a, org.springframework.test.context.support.DependencyInjectionTestExecutionListener@324ee442, org.springframework.test.context.support.DirtiesContextTestExecutionListener@42511b07, org.springframework.test.context.event.EventPublishingTestExecutionListener@3060379, org.springframework.boot.test.autoconfigure.restdocs.RestDocsTestExecutionListener@5feab090, org.springframework.boot.test.autoconfigure.web.client.MockRestServiceServerResetTestExecutionListener@1ac333db, org.springframework.boot.test.autoconfigure.web.servlet.MockMvcPrintOnlyOnFailureTestExecutionListener@50008aa7, org.springframework.boot.test.autoconfigure.web.servlet.WebDriverTestExecutionListener@632e4615, org.springframework.boot.test.autoconfigure.webservices.client.MockWebServiceServerTestExecutionListener@69ca04d0, org.springframework.boot.test.mock.mockito.ResetMocksTestExecutionListener@6a14bfd9]

  .   ____          _            __ _ _
 /\\ / ___'_ __ _ _(_)_ __  __ _ \ \ \ \
( ( )\___ | '_ | '_| | '_ \/ _` | \ \ \ \
 \\/  ___)| |_)| | | | | || (_| |  ) ) ) )
  '  |____| .__|_| |_|_| |_\__, | / / / /
 =========|_|==============|___/=/_/_/_/
 :: Spring Boot ::        (v2.3.4.RELEASE)

2024-01-06 13:12:14.422  INFO 95762 --- [    Test worker] f.l.resource.OperationsControllerTest    : Starting OperationsControllerTest on Franciscos-MBP with PID 95762 (started by francisco in /Users/francisco/Mestrado/DAS/TP/language-compiler-api)
2024-01-06 13:12:14.422  INFO 95762 --- [    Test worker] f.l.resource.OperationsControllerTest    : No active profile set, falling back to default profiles: default
2024-01-06 13:12:14.645  INFO 95762 --- [    Test worker] o.s.s.concurrent.ThreadPoolTaskExecutor  : Initializing ExecutorService 'applicationTaskExecutor'
2024-01-06 13:12:14.667  WARN 95762 --- [    Test worker] ion$DefaultTemplateResolverConfiguration : Cannot find template location: classpath:/templates/ (please add some templates or check your Thymeleaf configuration)
2024-01-06 13:12:14.684  INFO 95762 --- [    Test worker] o.s.b.t.m.w.SpringBootMockServletContext : Initializing Spring TestDispatcherServlet ''
2024-01-06 13:12:14.685  INFO 95762 --- [    Test worker] o.s.t.web.servlet.TestDispatcherServlet  : Initializing Servlet ''
2024-01-06 13:12:14.686  INFO 95762 --- [    Test worker] o.s.t.web.servlet.TestDispatcherServlet  : Completed initialization in 1 ms
2024-01-06 13:12:14.723  INFO 95762 --- [    Test worker] f.l.resource.OperationsControllerTest    : Started OperationsControllerTest in 0.309 seconds (JVM running for 2.822)
]]></system-out>
  <system-err><![CDATA[]]></system-err>
</testsuite>
