<?xml version="1.0" encoding="UTF-8"?>
<testsuite name="Build Creation Tests" tests="4" skipped="0" failures="0" errors="0" timestamp="2024-01-11T21:02:48" hostname="Franciscos-MBP" time="0.022">
  <properties/>
  <testcase name="Build Create" classname="francisco.languagecompiler.resource.BuildsControllerTest$BuildCreation" time="0.013"/>
  <testcase name="Create build with missing Code" classname="francisco.languagecompiler.resource.BuildsControllerTest$BuildCreation" time="0.002"/>
  <testcase name="Create build with missing Lang" classname="francisco.languagecompiler.resource.BuildsControllerTest$BuildCreation" time="0.002"/>
  <testcase name="Create build with missing Name" classname="francisco.languagecompiler.resource.BuildsControllerTest$BuildCreation" time="0.002"/>
  <system-out><![CDATA[2024-01-11 21:02:48.777  INFO 53765 --- [    Test worker] o.s.t.c.s.DefaultTestContextBootstrapper : Neither @ContextConfiguration nor @ContextHierarchy found for test class [francisco.languagecompiler.resource.BuildsControllerTest$BuildCreation], using DelegatingSmartContextLoader
2024-01-11 21:02:48.777  INFO 53765 --- [    Test worker] o.s.t.c.support.AbstractContextLoader    : Could not detect default resource locations for test class [francisco.languagecompiler.resource.BuildsControllerTest$BuildCreation]: no resource found for suffixes {-context.xml}.
2024-01-11 21:02:48.777  INFO 53765 --- [    Test worker] t.c.s.AnnotationConfigContextLoaderUtils : Could not detect default configuration classes for test class [francisco.languagecompiler.resource.BuildsControllerTest$BuildCreation]: BuildCreation does not declare any static, non-private, non-final, nested classes annotated with @Configuration.
2024-01-11 21:02:48.777  INFO 53765 --- [    Test worker] o.s.t.c.s.DefaultTestContextBootstrapper : Loaded default TestExecutionListener class names from location [META-INF/spring.factories]: [org.springframework.boot.test.autoconfigure.restdocs.RestDocsTestExecutionListener, org.springframework.boot.test.autoconfigure.web.client.MockRestServiceServerResetTestExecutionListener, org.springframework.boot.test.autoconfigure.web.servlet.MockMvcPrintOnlyOnFailureTestExecutionListener, org.springframework.boot.test.autoconfigure.web.servlet.WebDriverTestExecutionListener, org.springframework.boot.test.autoconfigure.webservices.client.MockWebServiceServerTestExecutionListener, org.springframework.boot.test.mock.mockito.MockitoTestExecutionListener, org.springframework.boot.test.mock.mockito.ResetMocksTestExecutionListener, org.springframework.test.context.web.ServletTestExecutionListener, org.springframework.test.context.support.DirtiesContextBeforeModesTestExecutionListener, org.springframework.test.context.support.DependencyInjectionTestExecutionListener, org.springframework.test.context.support.DirtiesContextTestExecutionListener, org.springframework.test.context.transaction.TransactionalTestExecutionListener, org.springframework.test.context.jdbc.SqlScriptsTestExecutionListener, org.springframework.test.context.event.EventPublishingTestExecutionListener]
2024-01-11 21:02:48.778  INFO 53765 --- [    Test worker] o.s.t.c.s.DefaultTestContextBootstrapper : Using TestExecutionListeners: [org.springframework.test.context.web.ServletTestExecutionListener@41a10f22, org.springframework.test.context.support.DirtiesContextBeforeModesTestExecutionListener@254fb7f3, org.springframework.boot.test.mock.mockito.MockitoTestExecutionListener@23794520, org.springframework.test.context.support.DependencyInjectionTestExecutionListener@2745311d, org.springframework.test.context.support.DirtiesContextTestExecutionListener@6ed4e2c8, org.springframework.test.context.event.EventPublishingTestExecutionListener@367c20ce, org.springframework.boot.test.autoconfigure.restdocs.RestDocsTestExecutionListener@5f452364, org.springframework.boot.test.autoconfigure.web.client.MockRestServiceServerResetTestExecutionListener@51062c48, org.springframework.boot.test.autoconfigure.web.servlet.MockMvcPrintOnlyOnFailureTestExecutionListener@188d4602, org.springframework.boot.test.autoconfigure.web.servlet.WebDriverTestExecutionListener@4fa06f8d, org.springframework.boot.test.autoconfigure.webservices.client.MockWebServiceServerTestExecutionListener@39083b1e, org.springframework.boot.test.mock.mockito.ResetMocksTestExecutionListener@590c241b]
]]></system-out>
  <system-err><![CDATA[]]></system-err>
</testsuite>
