<?xml version="1.0" encoding="UTF-8"?>
<testsuite name="francisco.languagecompiler.LanguageCompilerApplicationTests" tests="2" skipped="0" failures="0" errors="0" timestamp="2024-01-11T21:02:48" hostname="Franciscos-MBP" time="0.18">
  <properties/>
  <testcase name="testYourApiEndpoint()" classname="francisco.languagecompiler.LanguageCompilerApplicationTests" time="0.178"/>
  <testcase name="contextLoads()" classname="francisco.languagecompiler.LanguageCompilerApplicationTests" time="0.001"/>
  <system-out><![CDATA[21:02:46.724 [Test worker] DEBUG org.springframework.test.context.BootstrapUtils - Instantiating CacheAwareContextLoaderDelegate from class [org.springframework.test.context.cache.DefaultCacheAwareContextLoaderDelegate]
21:02:46.729 [Test worker] DEBUG org.springframework.test.context.BootstrapUtils - Instantiating BootstrapContext using constructor [public org.springframework.test.context.support.DefaultBootstrapContext(java.lang.Class,org.springframework.test.context.CacheAwareContextLoaderDelegate)]
21:02:46.743 [Test worker] DEBUG org.springframework.test.context.BootstrapUtils - Instantiating TestContextBootstrapper for test class [francisco.languagecompiler.LanguageCompilerApplicationTests] from class [org.springframework.boot.test.context.SpringBootTestContextBootstrapper]
21:02:46.749 [Test worker] INFO org.springframework.boot.test.context.SpringBootTestContextBootstrapper - Neither @ContextConfiguration nor @ContextHierarchy found for test class [francisco.languagecompiler.LanguageCompilerApplicationTests], using SpringBootContextLoader
21:02:46.750 [Test worker] DEBUG org.springframework.test.context.support.AbstractContextLoader - Did not detect default resource location for test class [francisco.languagecompiler.LanguageCompilerApplicationTests]: class path resource [francisco/languagecompiler/LanguageCompilerApplicationTests-context.xml] does not exist
21:02:46.751 [Test worker] DEBUG org.springframework.test.context.support.AbstractContextLoader - Did not detect default resource location for test class [francisco.languagecompiler.LanguageCompilerApplicationTests]: class path resource [francisco/languagecompiler/LanguageCompilerApplicationTestsContext.groovy] does not exist
21:02:46.751 [Test worker] INFO org.springframework.test.context.support.AbstractContextLoader - Could not detect default resource locations for test class [francisco.languagecompiler.LanguageCompilerApplicationTests]: no resource found for suffixes {-context.xml, Context.groovy}.
21:02:46.772 [Test worker] DEBUG org.springframework.test.context.support.ActiveProfilesUtils - Could not find an 'annotation declaring class' for annotation type [org.springframework.test.context.ActiveProfiles] and class [francisco.languagecompiler.LanguageCompilerApplicationTests]
21:02:46.820 [Test worker] DEBUG org.springframework.boot.test.context.SpringBootTestContextBootstrapper - @TestExecutionListeners is not present for class [francisco.languagecompiler.LanguageCompilerApplicationTests]: using defaults.
21:02:46.820 [Test worker] INFO org.springframework.boot.test.context.SpringBootTestContextBootstrapper - Loaded default TestExecutionListener class names from location [META-INF/spring.factories]: [org.springframework.boot.test.autoconfigure.restdocs.RestDocsTestExecutionListener, org.springframework.boot.test.autoconfigure.web.client.MockRestServiceServerResetTestExecutionListener, org.springframework.boot.test.autoconfigure.web.servlet.MockMvcPrintOnlyOnFailureTestExecutionListener, org.springframework.boot.test.autoconfigure.web.servlet.WebDriverTestExecutionListener, org.springframework.boot.test.autoconfigure.webservices.client.MockWebServiceServerTestExecutionListener, org.springframework.boot.test.mock.mockito.MockitoTestExecutionListener, org.springframework.boot.test.mock.mockito.ResetMocksTestExecutionListener, org.springframework.test.context.web.ServletTestExecutionListener, org.springframework.test.context.support.DirtiesContextBeforeModesTestExecutionListener, org.springframework.test.context.support.DependencyInjectionTestExecutionListener, org.springframework.test.context.support.DirtiesContextTestExecutionListener, org.springframework.test.context.transaction.TransactionalTestExecutionListener, org.springframework.test.context.jdbc.SqlScriptsTestExecutionListener, org.springframework.test.context.event.EventPublishingTestExecutionListener]
21:02:46.825 [Test worker] DEBUG org.springframework.boot.test.context.SpringBootTestContextBootstrapper - Skipping candidate TestExecutionListener [org.springframework.test.context.transaction.TransactionalTestExecutionListener] due to a missing dependency. Specify custom listener classes or make the default listener classes and their required dependencies available. Offending class: [org/springframework/transaction/interceptor/TransactionAttributeSource]
21:02:46.825 [Test worker] DEBUG org.springframework.boot.test.context.SpringBootTestContextBootstrapper - Skipping candidate TestExecutionListener [org.springframework.test.context.jdbc.SqlScriptsTestExecutionListener] due to a missing dependency. Specify custom listener classes or make the default listener classes and their required dependencies available. Offending class: [org/springframework/transaction/interceptor/TransactionAttribute]
21:02:46.825 [Test worker] INFO org.springframework.boot.test.context.SpringBootTestContextBootstrapper - Using TestExecutionListeners: [org.springframework.test.context.web.ServletTestExecutionListener@3eee0813, org.springframework.test.context.support.DirtiesContextBeforeModesTestExecutionListener@5e6b9589, org.springframework.boot.test.mock.mockito.MockitoTestExecutionListener@3b445cd6, org.springframework.boot.test.autoconfigure.SpringBootDependencyInjectionTestExecutionListener@12327945, org.springframework.test.context.support.DirtiesContextTestExecutionListener@5cd25580, org.springframework.test.context.event.EventPublishingTestExecutionListener@5e97544e, org.springframework.boot.test.autoconfigure.restdocs.RestDocsTestExecutionListener@47ac11a6, org.springframework.boot.test.autoconfigure.web.client.MockRestServiceServerResetTestExecutionListener@4655a047, org.springframework.boot.test.autoconfigure.web.servlet.MockMvcPrintOnlyOnFailureTestExecutionListener@8659358, org.springframework.boot.test.autoconfigure.web.servlet.WebDriverTestExecutionListener@6cb4933e, org.springframework.boot.test.autoconfigure.webservices.client.MockWebServiceServerTestExecutionListener@4b329e2f, org.springframework.boot.test.mock.mockito.ResetMocksTestExecutionListener@200e4896]
21:02:46.827 [Test worker] DEBUG org.springframework.test.context.support.AbstractDirtiesContextTestExecutionListener - Before test class: context [DefaultTestContext@402c6fe4 testClass = LanguageCompilerApplicationTests, testInstance = [null], testMethod = [null], testException = [null], mergedContextConfiguration = [WebMergedContextConfiguration@235d32f2 testClass = LanguageCompilerApplicationTests, locations = '{}', classes = '{class francisco.languagecompiler.resource.LanguageCompilerApplication, class francisco.languagecompiler.resource.LanguageCompilerApplication}', contextInitializerClasses = '[]', activeProfiles = '{}', propertySourceLocations = '{}', propertySourceProperties = '{org.springframework.boot.test.context.SpringBootTestContextBootstrapper=true}', contextCustomizers = set[org.springframework.boot.test.autoconfigure.properties.PropertyMappingContextCustomizer@4b3fa0b3, org.springframework.boot.test.autoconfigure.web.servlet.WebDriverContextCustomizerFactory$Customizer@33e861c9, [ImportsContextCustomizer@4e48bb1d key = [org.springframework.boot.test.autoconfigure.web.servlet.MockMvcAutoConfiguration, org.springframework.boot.test.autoconfigure.web.servlet.MockMvcWebClientAutoConfiguration, org.springframework.boot.test.autoconfigure.web.servlet.MockMvcWebDriverAutoConfiguration, org.springframework.boot.autoconfigure.security.oauth2.client.servlet.OAuth2ClientAutoConfiguration, org.springframework.boot.autoconfigure.security.oauth2.resource.servlet.OAuth2ResourceServerAutoConfiguration, org.springframework.boot.autoconfigure.security.servlet.SecurityAutoConfiguration, org.springframework.boot.autoconfigure.security.servlet.SecurityFilterAutoConfiguration, org.springframework.boot.autoconfigure.security.servlet.UserDetailsServiceAutoConfiguration, org.springframework.boot.test.autoconfigure.web.servlet.MockMvcSecurityConfiguration]], org.springframework.boot.test.context.filter.ExcludeFilterContextCustomizer@3dc1b644, org.springframework.boot.test.json.DuplicateJsonObjectContextCustomizerFactory$DuplicateJsonObjectContextCustomizer@6faf62f2, org.springframework.boot.test.mock.mockito.MockitoContextCustomizer@0, org.springframework.boot.test.web.client.TestRestTemplateContextCustomizer@69c2c4cb, org.springframework.boot.test.context.SpringBootTestArgs@1], resourceBasePath = 'src/main/webapp', contextLoader = 'org.springframework.boot.test.context.SpringBootContextLoader', parent = [null]], attributes = map['org.springframework.test.context.web.ServletTestExecutionListener.activateListener' -> true]], class annotated with @DirtiesContext [false] with mode [null].
21:02:46.842 [Test worker] DEBUG org.springframework.test.context.support.TestPropertySourceUtils - Adding inlined properties to environment: {spring.jmx.enabled=false, org.springframework.boot.test.context.SpringBootTestContextBootstrapper=true}

  .   ____          _            __ _ _
 /\\ / ___'_ __ _ _(_)_ __  __ _ \ \ \ \
( ( )\___ | '_ | '_| | '_ \/ _` | \ \ \ \
 \\/  ___)| |_)| | | | | || (_| |  ) ) ) )
  '  |____| .__|_| |_|_| |_\__, | / / / /
 =========|_|==============|___/=/_/_/_/
 :: Spring Boot ::        (v2.3.4.RELEASE)

2024-01-11 21:02:46.977  INFO 53765 --- [    Test worker] f.l.LanguageCompilerApplicationTests     : Starting LanguageCompilerApplicationTests on Franciscos-MBP with PID 53765 (started by francisco in /Users/francisco/Mestrado/DAS/TP/language-compiler-api)
2024-01-11 21:02:46.978  INFO 53765 --- [    Test worker] f.l.LanguageCompilerApplicationTests     : No active profile set, falling back to default profiles: default
OperationQueueService
2024-01-11 21:02:47.813  INFO 53765 --- [    Test worker] o.s.s.concurrent.ThreadPoolTaskExecutor  : Initializing ExecutorService 'applicationTaskExecutor'
2024-01-11 21:02:47.880  WARN 53765 --- [    Test worker] ion$DefaultTemplateResolverConfiguration : Cannot find template location: classpath:/templates/ (please add some templates or check your Thymeleaf configuration)
2024-01-11 21:02:47.925  INFO 53765 --- [    Test worker] o.s.b.t.m.w.SpringBootMockServletContext : Initializing Spring TestDispatcherServlet ''
2024-01-11 21:02:47.926  INFO 53765 --- [    Test worker] o.s.t.web.servlet.TestDispatcherServlet  : Initializing Servlet ''
2024-01-11 21:02:47.930  INFO 53765 --- [    Test worker] o.s.t.web.servlet.TestDispatcherServlet  : Completed initialization in 4 ms
2024-01-11 21:02:48.094  INFO 53765 --- [    Test worker] f.l.LanguageCompilerApplicationTests     : Started LanguageCompilerApplicationTests in 1.246 seconds (JVM running for 1.801)
]]></system-out>
  <system-err><![CDATA[]]></system-err>
</testsuite>
