<?xml version="1.0" encoding="UTF-8"?>
<testsuite name="Operation Creation Tests" tests="1" skipped="0" failures="0" errors="0" timestamp="2024-01-11T21:02:49" hostname="Franciscos-MBP" time="0.005">
  <properties/>
  <testcase name="Create operation from build" classname="francisco.languagecompiler.resource.OperationsControllerTest$OperationCreation" time="0.005"/>
  <system-out><![CDATA[2024-01-11 21:02:48.830  INFO 53765 --- [    Test worker] o.s.t.c.s.DefaultTestContextBootstrapper : Neither @ContextConfiguration nor @ContextHierarchy found for test class [francisco.languagecompiler.resource.OperationsControllerTest$OperationCreation], using DelegatingSmartContextLoader
2024-01-11 21:02:48.830  INFO 53765 --- [    Test worker] o.s.t.c.support.AbstractContextLoader    : Could not detect default resource locations for test class [francisco.languagecompiler.resource.OperationsControllerTest$OperationCreation]: no resource found for suffixes {-context.xml}.
2024-01-11 21:02:48.831  INFO 53765 --- [    Test worker] t.c.s.AnnotationConfigContextLoaderUtils : Could not detect default configuration classes for test class [francisco.languagecompiler.resource.OperationsControllerTest$OperationCreation]: OperationCreation does not declare any static, non-private, non-final, nested classes annotated with @Configuration.
2024-01-11 21:02:48.831  INFO 53765 --- [    Test worker] o.s.t.c.s.DefaultTestContextBootstrapper : Loaded default TestExecutionListener class names from location [META-INF/spring.factories]: [org.springframework.boot.test.autoconfigure.restdocs.RestDocsTestExecutionListener, org.springframework.boot.test.autoconfigure.web.client.MockRestServiceServerResetTestExecutionListener, org.springframework.boot.test.autoconfigure.web.servlet.MockMvcPrintOnlyOnFailureTestExecutionListener, org.springframework.boot.test.autoconfigure.web.servlet.WebDriverTestExecutionListener, org.springframework.boot.test.autoconfigure.webservices.client.MockWebServiceServerTestExecutionListener, org.springframework.boot.test.mock.mockito.MockitoTestExecutionListener, org.springframework.boot.test.mock.mockito.ResetMocksTestExecutionListener, org.springframework.test.context.web.ServletTestExecutionListener, org.springframework.test.context.support.DirtiesContextBeforeModesTestExecutionListener, org.springframework.test.context.support.DependencyInjectionTestExecutionListener, org.springframework.test.context.support.DirtiesContextTestExecutionListener, org.springframework.test.context.transaction.TransactionalTestExecutionListener, org.springframework.test.context.jdbc.SqlScriptsTestExecutionListener, org.springframework.test.context.event.EventPublishingTestExecutionListener]
2024-01-11 21:02:48.831  INFO 53765 --- [    Test worker] o.s.t.c.s.DefaultTestContextBootstrapper : Using TestExecutionListeners: [org.springframework.test.context.web.ServletTestExecutionListener@1e8e6f2, org.springframework.test.context.support.DirtiesContextBeforeModesTestExecutionListener@5ee210e, org.springframework.boot.test.mock.mockito.MockitoTestExecutionListener@4a88a143, org.springframework.test.context.support.DependencyInjectionTestExecutionListener@70f2aef2, org.springframework.test.context.support.DirtiesContextTestExecutionListener@366b0968, org.springframework.test.context.event.EventPublishingTestExecutionListener@4279b8fa, org.springframework.boot.test.autoconfigure.restdocs.RestDocsTestExecutionListener@4df49b4f, org.springframework.boot.test.autoconfigure.web.client.MockRestServiceServerResetTestExecutionListener@2894393d, org.springframework.boot.test.autoconfigure.web.servlet.MockMvcPrintOnlyOnFailureTestExecutionListener@46da550e, org.springframework.boot.test.autoconfigure.web.servlet.WebDriverTestExecutionListener@496b8b47, org.springframework.boot.test.autoconfigure.webservices.client.MockWebServiceServerTestExecutionListener@202c4fc6, org.springframework.boot.test.mock.mockito.ResetMocksTestExecutionListener@29f8c72f]

  .   ____          _            __ _ _
 /\\ / ___'_ __ _ _(_)_ __  __ _ \ \ \ \
( ( )\___ | '_ | '_| | '_ \/ _` | \ \ \ \
 \\/  ___)| |_)| | | | | || (_| |  ) ) ) )
  '  |____| .__|_| |_|_| |_\__, | / / / /
 =========|_|==============|___/=/_/_/_/
 :: Spring Boot ::        (v2.3.4.RELEASE)

2024-01-11 21:02:48.838  INFO 53765 --- [    Test worker] f.l.resource.OperationsControllerTest    : Starting OperationsControllerTest on Franciscos-MBP with PID 53765 (started by francisco in /Users/francisco/Mestrado/DAS/TP/language-compiler-api)
2024-01-11 21:02:48.838  INFO 53765 --- [    Test worker] f.l.resource.OperationsControllerTest    : No active profile set, falling back to default profiles: default
OperationQueueService
2024-01-11 21:02:49.086  INFO 53765 --- [    Test worker] o.s.s.concurrent.ThreadPoolTaskExecutor  : Initializing ExecutorService 'applicationTaskExecutor'
2024-01-11 21:02:49.110  WARN 53765 --- [    Test worker] ion$DefaultTemplateResolverConfiguration : Cannot find template location: classpath:/templates/ (please add some templates or check your Thymeleaf configuration)
2024-01-11 21:02:49.128  INFO 53765 --- [    Test worker] o.s.b.t.m.w.SpringBootMockServletContext : Initializing Spring TestDispatcherServlet ''
2024-01-11 21:02:49.128  INFO 53765 --- [    Test worker] o.s.t.web.servlet.TestDispatcherServlet  : Initializing Servlet ''
2024-01-11 21:02:49.130  INFO 53765 --- [    Test worker] o.s.t.web.servlet.TestDispatcherServlet  : Completed initialization in 2 ms
2024-01-11 21:02:49.176  INFO 53765 --- [    Test worker] f.l.resource.OperationsControllerTest    : Started OperationsControllerTest in 0.343 seconds (JVM running for 2.883)
]]></system-out>
  <system-err><![CDATA[]]></system-err>
</testsuite>
