<?xml version="1.0" encoding="UTF-8"?>
<testsuite name="francisco.languagecompiler.resource.util.FieldMaskMapperTest" tests="5" skipped="0" failures="0" errors="0" timestamp="2024-01-03T10:57:00" hostname="Franciscos-MBP" time="0.029">
  <properties/>
  <testcase name="testMap()" classname="francisco.languagecompiler.resource.util.FieldMaskMapperTest" time="0.017"/>
  <testcase name="testAllFields()" classname="francisco.languagecompiler.resource.util.FieldMaskMapperTest" time="0.002"/>
  <testcase name="testNestedBuildProperties()" classname="francisco.languagecompiler.resource.util.FieldMaskMapperTest" time="0.001"/>
  <testcase name="testMetadataProperties()" classname="francisco.languagecompiler.resource.util.FieldMaskMapperTest" time="0.0"/>
  <testcase name="testWithGoogleFieldMask()" classname="francisco.languagecompiler.resource.util.FieldMaskMapperTest" time="0.009"/>
  <system-out><![CDATA[]]></system-out>
  <system-err><![CDATA[]]></system-err>
</testsuite>
