<?xml version="1.0" encoding="UTF-8"?>
<testsuite name="Build Creation Tests" tests="4" skipped="0" failures="0" errors="0" timestamp="2024-01-06T13:12:14" hostname="Franciscos-MBP" time="0.052">
  <properties/>
  <testcase name="Build Create" classname="francisco.languagecompiler.resource.BuildsControllerTest$BuildCreation" time="0.044"/>
  <testcase name="Create build with missing Code" classname="francisco.languagecompiler.resource.BuildsControllerTest$BuildCreation" time="0.002"/>
  <testcase name="Create build with missing Lang" classname="francisco.languagecompiler.resource.BuildsControllerTest$BuildCreation" time="0.002"/>
  <testcase name="Create build with missing Name" classname="francisco.languagecompiler.resource.BuildsControllerTest$BuildCreation" time="0.002"/>
  <system-out><![CDATA[2024-01-06 13:12:13.912  INFO 95762 --- [    Test worker] o.s.t.c.s.DefaultTestContextBootstrapper : Neither @ContextConfiguration nor @ContextHierarchy found for test class [francisco.languagecompiler.resource.BuildsControllerTest$BuildCreation], using DelegatingSmartContextLoader
2024-01-06 13:12:13.913  INFO 95762 --- [    Test worker] o.s.t.c.support.AbstractContextLoader    : Could not detect default resource locations for test class [francisco.languagecompiler.resource.BuildsControllerTest$BuildCreation]: no resource found for suffixes {-context.xml}.
2024-01-06 13:12:13.914  INFO 95762 --- [    Test worker] t.c.s.AnnotationConfigContextLoaderUtils : Could not detect default configuration classes for test class [francisco.languagecompiler.resource.BuildsControllerTest$BuildCreation]: BuildCreation does not declare any static, non-private, non-final, nested classes annotated with @Configuration.
2024-01-06 13:12:13.915  INFO 95762 --- [    Test worker] o.s.t.c.s.DefaultTestContextBootstrapper : Loaded default TestExecutionListener class names from location [META-INF/spring.factories]: [org.springframework.boot.test.autoconfigure.restdocs.RestDocsTestExecutionListener, org.springframework.boot.test.autoconfigure.web.client.MockRestServiceServerResetTestExecutionListener, org.springframework.boot.test.autoconfigure.web.servlet.MockMvcPrintOnlyOnFailureTestExecutionListener, org.springframework.boot.test.autoconfigure.web.servlet.WebDriverTestExecutionListener, org.springframework.boot.test.autoconfigure.webservices.client.MockWebServiceServerTestExecutionListener, org.springframework.boot.test.mock.mockito.MockitoTestExecutionListener, org.springframework.boot.test.mock.mockito.ResetMocksTestExecutionListener, org.springframework.test.context.web.ServletTestExecutionListener, org.springframework.test.context.support.DirtiesContextBeforeModesTestExecutionListener, org.springframework.test.context.support.DependencyInjectionTestExecutionListener, org.springframework.test.context.support.DirtiesContextTestExecutionListener, org.springframework.test.context.transaction.TransactionalTestExecutionListener, org.springframework.test.context.jdbc.SqlScriptsTestExecutionListener, org.springframework.test.context.event.EventPublishingTestExecutionListener]
2024-01-06 13:12:13.915  INFO 95762 --- [    Test worker] o.s.t.c.s.DefaultTestContextBootstrapper : Using TestExecutionListeners: [org.springframework.test.context.web.ServletTestExecutionListener@76dcbbc7, org.springframework.test.context.support.DirtiesContextBeforeModesTestExecutionListener@21c2aecb, org.springframework.boot.test.mock.mockito.MockitoTestExecutionListener@31e3c753, org.springframework.test.context.support.DependencyInjectionTestExecutionListener@68f59383, org.springframework.test.context.support.DirtiesContextTestExecutionListener@7be41fd9, org.springframework.test.context.event.EventPublishingTestExecutionListener@4f645298, org.springframework.boot.test.autoconfigure.restdocs.RestDocsTestExecutionListener@6092dd78, org.springframework.boot.test.autoconfigure.web.client.MockRestServiceServerResetTestExecutionListener@243f3362, org.springframework.boot.test.autoconfigure.web.servlet.MockMvcPrintOnlyOnFailureTestExecutionListener@7f7eeaeb, org.springframework.boot.test.autoconfigure.web.servlet.WebDriverTestExecutionListener@12e3970e, org.springframework.boot.test.autoconfigure.webservices.client.MockWebServiceServerTestExecutionListener@646ce137, org.springframework.boot.test.mock.mockito.ResetMocksTestExecutionListener@39956afb]

  .   ____          _            __ _ _
 /\\ / ___'_ __ _ _(_)_ __  __ _ \ \ \ \
( ( )\___ | '_ | '_| | '_ \/ _` | \ \ \ \
 \\/  ___)| |_)| | | | | || (_| |  ) ) ) )
  '  |____| .__|_| |_|_| |_\__, | / / / /
 =========|_|==============|___/=/_/_/_/
 :: Spring Boot ::        (v2.3.4.RELEASE)

2024-01-06 13:12:13.924  INFO 95762 --- [    Test worker] f.l.resource.BuildsControllerTest        : Starting BuildsControllerTest on Franciscos-MBP with PID 95762 (started by francisco in /Users/francisco/Mestrado/DAS/TP/language-compiler-api)
2024-01-06 13:12:13.925  INFO 95762 --- [    Test worker] f.l.resource.BuildsControllerTest        : No active profile set, falling back to default profiles: default
2024-01-06 13:12:14.227  INFO 95762 --- [    Test worker] o.s.s.concurrent.ThreadPoolTaskExecutor  : Initializing ExecutorService 'applicationTaskExecutor'
2024-01-06 13:12:14.253  WARN 95762 --- [    Test worker] ion$DefaultTemplateResolverConfiguration : Cannot find template location: classpath:/templates/ (please add some templates or check your Thymeleaf configuration)
2024-01-06 13:12:14.271  INFO 95762 --- [    Test worker] o.s.b.t.m.w.SpringBootMockServletContext : Initializing Spring TestDispatcherServlet ''
2024-01-06 13:12:14.271  INFO 95762 --- [    Test worker] o.s.t.web.servlet.TestDispatcherServlet  : Initializing Servlet ''
2024-01-06 13:12:14.273  INFO 95762 --- [    Test worker] o.s.t.web.servlet.TestDispatcherServlet  : Completed initialization in 2 ms
2024-01-06 13:12:14.319  INFO 95762 --- [    Test worker] f.l.resource.BuildsControllerTest        : Started BuildsControllerTest in 0.402 seconds (JVM running for 2.418)
]]></system-out>
  <system-err><![CDATA[]]></system-err>
</testsuite>
