<?xml version="1.0" encoding="UTF-8"?>
<testsuite name="francisco.languagecompiler.resource.util.FieldMaskMapperTest" tests="5" skipped="0" failures="0" errors="0" timestamp="2024-01-06T13:12:14" hostname="Franciscos-MBP" time="0.009">
  <properties/>
  <testcase name="testMap()" classname="francisco.languagecompiler.resource.util.FieldMaskMapperTest" time="0.005"/>
  <testcase name="testAllFields()" classname="francisco.languagecompiler.resource.util.FieldMaskMapperTest" time="0.001"/>
  <testcase name="testNestedBuildProperties()" classname="francisco.languagecompiler.resource.util.FieldMaskMapperTest" time="0.0"/>
  <testcase name="testMetadataProperties()" classname="francisco.languagecompiler.resource.util.FieldMaskMapperTest" time="0.0"/>
  <testcase name="testWithGoogleFieldMask()" classname="francisco.languagecompiler.resource.util.FieldMaskMapperTest" time="0.001"/>
  <system-out><![CDATA[]]></system-out>
  <system-err><![CDATA[]]></system-err>
</testsuite>
