<?xml version="1.0" encoding="UTF-8"?>
<testsuite name="Operation List Tests" tests="1" skipped="0" failures="0" errors="0" timestamp="2024-01-06T13:12:14" hostname="Franciscos-MBP" time="0.002">
  <properties/>
  <testcase name="Get Builds - Standard" classname="francisco.languagecompiler.resource.OperationsControllerTest$OperationList" time="0.002"/>
  <system-out><![CDATA[2024-01-06 13:12:14.732  INFO 95762 --- [    Test worker] o.s.t.c.s.DefaultTestContextBootstrapper : Neither @ContextConfiguration nor @ContextHierarchy found for test class [francisco.languagecompiler.resource.OperationsControllerTest$OperationList], using DelegatingSmartContextLoader
2024-01-06 13:12:14.732  INFO 95762 --- [    Test worker] o.s.t.c.support.AbstractContextLoader    : Could not detect default resource locations for test class [francisco.languagecompiler.resource.OperationsControllerTest$OperationList]: no resource found for suffixes {-context.xml}.
2024-01-06 13:12:14.732  INFO 95762 --- [    Test worker] t.c.s.AnnotationConfigContextLoaderUtils : Could not detect default configuration classes for test class [francisco.languagecompiler.resource.OperationsControllerTest$OperationList]: OperationList does not declare any static, non-private, non-final, nested classes annotated with @Configuration.
2024-01-06 13:12:14.732  INFO 95762 --- [    Test worker] o.s.t.c.s.DefaultTestContextBootstrapper : Loaded default TestExecutionListener class names from location [META-INF/spring.factories]: [org.springframework.boot.test.autoconfigure.restdocs.RestDocsTestExecutionListener, org.springframework.boot.test.autoconfigure.web.client.MockRestServiceServerResetTestExecutionListener, org.springframework.boot.test.autoconfigure.web.servlet.MockMvcPrintOnlyOnFailureTestExecutionListener, org.springframework.boot.test.autoconfigure.web.servlet.WebDriverTestExecutionListener, org.springframework.boot.test.autoconfigure.webservices.client.MockWebServiceServerTestExecutionListener, org.springframework.boot.test.mock.mockito.MockitoTestExecutionListener, org.springframework.boot.test.mock.mockito.ResetMocksTestExecutionListener, org.springframework.test.context.web.ServletTestExecutionListener, org.springframework.test.context.support.DirtiesContextBeforeModesTestExecutionListener, org.springframework.test.context.support.DependencyInjectionTestExecutionListener, org.springframework.test.context.support.DirtiesContextTestExecutionListener, org.springframework.test.context.transaction.TransactionalTestExecutionListener, org.springframework.test.context.jdbc.SqlScriptsTestExecutionListener, org.springframework.test.context.event.EventPublishingTestExecutionListener]
2024-01-06 13:12:14.732  INFO 95762 --- [    Test worker] o.s.t.c.s.DefaultTestContextBootstrapper : Using TestExecutionListeners: [org.springframework.test.context.web.ServletTestExecutionListener@60909d87, org.springframework.test.context.support.DirtiesContextBeforeModesTestExecutionListener@5cdc822e, org.springframework.boot.test.mock.mockito.MockitoTestExecutionListener@28262d7d, org.springframework.test.context.support.DependencyInjectionTestExecutionListener@25c2732d, org.springframework.test.context.support.DirtiesContextTestExecutionListener@41daaeb7, org.springframework.test.context.event.EventPublishingTestExecutionListener@792f9950, org.springframework.boot.test.autoconfigure.restdocs.RestDocsTestExecutionListener@607b1ecd, org.springframework.boot.test.autoconfigure.web.client.MockRestServiceServerResetTestExecutionListener@561652f4, org.springframework.boot.test.autoconfigure.web.servlet.MockMvcPrintOnlyOnFailureTestExecutionListener@422de197, org.springframework.boot.test.autoconfigure.web.servlet.WebDriverTestExecutionListener@47cd059b, org.springframework.boot.test.autoconfigure.webservices.client.MockWebServiceServerTestExecutionListener@7ff8e6d9, org.springframework.boot.test.mock.mockito.ResetMocksTestExecutionListener@1b9d9a20]
]]></system-out>
  <system-err><![CDATA[]]></system-err>
</testsuite>
