<?xml version="1.0" encoding="UTF-8"?>
<testsuite name="Build Update Tests" tests="2" skipped="0" failures="0" errors="0" timestamp="2024-01-11T21:02:48" hostname="Franciscos-MBP" time="0.048">
  <properties/>
  <testcase name="Test successful build update" classname="francisco.languagecompiler.resource.BuildsControllerTest$BuildUpdate" time="0.028"/>
  <testcase name="testInvalidBuildUpdate()" classname="francisco.languagecompiler.resource.BuildsControllerTest$BuildUpdate" time="0.019"/>
  <system-out><![CDATA[2024-01-11 21:02:48.291  INFO 53765 --- [    Test worker] o.s.t.c.s.DefaultTestContextBootstrapper : Neither @ContextConfiguration nor @ContextHierarchy found for test class [francisco.languagecompiler.resource.BuildsControllerTest$BuildUpdate], using DelegatingSmartContextLoader
2024-01-11 21:02:48.291  INFO 53765 --- [    Test worker] o.s.t.c.support.AbstractContextLoader    : Could not detect default resource locations for test class [francisco.languagecompiler.resource.BuildsControllerTest$BuildUpdate]: no resource found for suffixes {-context.xml}.
2024-01-11 21:02:48.291  INFO 53765 --- [    Test worker] t.c.s.AnnotationConfigContextLoaderUtils : Could not detect default configuration classes for test class [francisco.languagecompiler.resource.BuildsControllerTest$BuildUpdate]: BuildUpdate does not declare any static, non-private, non-final, nested classes annotated with @Configuration.
2024-01-11 21:02:48.292  INFO 53765 --- [    Test worker] o.s.t.c.s.DefaultTestContextBootstrapper : Loaded default TestExecutionListener class names from location [META-INF/spring.factories]: [org.springframework.boot.test.autoconfigure.restdocs.RestDocsTestExecutionListener, org.springframework.boot.test.autoconfigure.web.client.MockRestServiceServerResetTestExecutionListener, org.springframework.boot.test.autoconfigure.web.servlet.MockMvcPrintOnlyOnFailureTestExecutionListener, org.springframework.boot.test.autoconfigure.web.servlet.WebDriverTestExecutionListener, org.springframework.boot.test.autoconfigure.webservices.client.MockWebServiceServerTestExecutionListener, org.springframework.boot.test.mock.mockito.MockitoTestExecutionListener, org.springframework.boot.test.mock.mockito.ResetMocksTestExecutionListener, org.springframework.test.context.web.ServletTestExecutionListener, org.springframework.test.context.support.DirtiesContextBeforeModesTestExecutionListener, org.springframework.test.context.support.DependencyInjectionTestExecutionListener, org.springframework.test.context.support.DirtiesContextTestExecutionListener, org.springframework.test.context.transaction.TransactionalTestExecutionListener, org.springframework.test.context.jdbc.SqlScriptsTestExecutionListener, org.springframework.test.context.event.EventPublishingTestExecutionListener]
2024-01-11 21:02:48.292  INFO 53765 --- [    Test worker] o.s.t.c.s.DefaultTestContextBootstrapper : Using TestExecutionListeners: [org.springframework.test.context.web.ServletTestExecutionListener@3e688817, org.springframework.test.context.support.DirtiesContextBeforeModesTestExecutionListener@2c4884a9, org.springframework.boot.test.mock.mockito.MockitoTestExecutionListener@629b3355, org.springframework.test.context.support.DependencyInjectionTestExecutionListener@63eafe2a, org.springframework.test.context.support.DirtiesContextTestExecutionListener@1938fa70, org.springframework.test.context.event.EventPublishingTestExecutionListener@713d5832, org.springframework.boot.test.autoconfigure.restdocs.RestDocsTestExecutionListener@4a07ccdb, org.springframework.boot.test.autoconfigure.web.client.MockRestServiceServerResetTestExecutionListener@7ea8701f, org.springframework.boot.test.autoconfigure.web.servlet.MockMvcPrintOnlyOnFailureTestExecutionListener@209dfec0, org.springframework.boot.test.autoconfigure.web.servlet.WebDriverTestExecutionListener@3bface29, org.springframework.boot.test.autoconfigure.webservices.client.MockWebServiceServerTestExecutionListener@4fefac99, org.springframework.boot.test.mock.mockito.ResetMocksTestExecutionListener@727a15f3]

  .   ____          _            __ _ _
 /\\ / ___'_ __ _ _(_)_ __  __ _ \ \ \ \
( ( )\___ | '_ | '_| | '_ \/ _` | \ \ \ \
 \\/  ___)| |_)| | | | | || (_| |  ) ) ) )
  '  |____| .__|_| |_|_| |_\__, | / / / /
 =========|_|==============|___/=/_/_/_/
 :: Spring Boot ::        (v2.3.4.RELEASE)

2024-01-11 21:02:48.300  INFO 53765 --- [    Test worker] f.l.resource.BuildsControllerTest        : Starting BuildsControllerTest on Franciscos-MBP with PID 53765 (started by francisco in /Users/francisco/Mestrado/DAS/TP/language-compiler-api)
2024-01-11 21:02:48.300  INFO 53765 --- [    Test worker] f.l.resource.BuildsControllerTest        : No active profile set, falling back to default profiles: default
2024-01-11 21:02:48.621  INFO 53765 --- [    Test worker] o.s.s.concurrent.ThreadPoolTaskExecutor  : Initializing ExecutorService 'applicationTaskExecutor'
2024-01-11 21:02:48.645  WARN 53765 --- [    Test worker] ion$DefaultTemplateResolverConfiguration : Cannot find template location: classpath:/templates/ (please add some templates or check your Thymeleaf configuration)
2024-01-11 21:02:48.664  INFO 53765 --- [    Test worker] o.s.b.t.m.w.SpringBootMockServletContext : Initializing Spring TestDispatcherServlet ''
2024-01-11 21:02:48.664  INFO 53765 --- [    Test worker] o.s.t.web.servlet.TestDispatcherServlet  : Initializing Servlet ''
2024-01-11 21:02:48.665  INFO 53765 --- [    Test worker] o.s.t.web.servlet.TestDispatcherServlet  : Completed initialization in 1 ms
2024-01-11 21:02:48.722  INFO 53765 --- [    Test worker] f.l.resource.BuildsControllerTest        : Started BuildsControllerTest in 0.428 seconds (JVM running for 2.429)
]]></system-out>
  <system-err><![CDATA[]]></system-err>
</testsuite>
