<?xml version="1.0" encoding="UTF-8"?>
<testsuite name="francisco.languagecompiler.resource.OperationsControllerTest" tests="0" skipped="0" failures="0" errors="0" timestamp="1970-01-01T00:00:00" hostname="Franciscos-MBP" time="0.0">
  <properties/>
  <system-out><![CDATA[2024-01-16 22:37:52.202  INFO 15586 --- [    Test worker] .b.t.c.SpringBootTestContextBootstrapper : Neither @ContextConfiguration nor @ContextHierarchy found for test class [francisco.languagecompiler.resource.OperationsControllerTest], using SpringBootContextLoader
2024-01-16 22:37:52.203  INFO 15586 --- [    Test worker] o.s.t.c.support.AbstractContextLoader    : Could not detect default resource locations for test class [francisco.languagecompiler.resource.OperationsControllerTest]: no resource found for suffixes {-context.xml, Context.groovy}.
2024-01-16 22:37:52.204  INFO 15586 --- [    Test worker] .b.t.c.SpringBootTestContextBootstrapper : Loaded default TestExecutionListener class names from location [META-INF/spring.factories]: [org.springframework.boot.test.autoconfigure.restdocs.RestDocsTestExecutionListener, org.springframework.boot.test.autoconfigure.web.client.MockRestServiceServerResetTestExecutionListener, org.springframework.boot.test.autoconfigure.web.servlet.MockMvcPrintOnlyOnFailureTestExecutionListener, org.springframework.boot.test.autoconfigure.web.servlet.WebDriverTestExecutionListener, org.springframework.boot.test.autoconfigure.webservices.client.MockWebServiceServerTestExecutionListener, org.springframework.boot.test.mock.mockito.MockitoTestExecutionListener, org.springframework.boot.test.mock.mockito.ResetMocksTestExecutionListener, org.springframework.test.context.web.ServletTestExecutionListener, org.springframework.test.context.support.DirtiesContextBeforeModesTestExecutionListener, org.springframework.test.context.support.DependencyInjectionTestExecutionListener, org.springframework.test.context.support.DirtiesContextTestExecutionListener, org.springframework.test.context.transaction.TransactionalTestExecutionListener, org.springframework.test.context.jdbc.SqlScriptsTestExecutionListener, org.springframework.test.context.event.EventPublishingTestExecutionListener]
2024-01-16 22:37:52.205  INFO 15586 --- [    Test worker] .b.t.c.SpringBootTestContextBootstrapper : Using TestExecutionListeners: [org.springframework.test.context.web.ServletTestExecutionListener@c626d8c, org.springframework.test.context.support.DirtiesContextBeforeModesTestExecutionListener@17184b17, org.springframework.boot.test.mock.mockito.MockitoTestExecutionListener@57cbe098, org.springframework.boot.test.autoconfigure.SpringBootDependencyInjectionTestExecutionListener@4237b34f, org.springframework.test.context.support.DirtiesContextTestExecutionListener@5d26b888, org.springframework.test.context.event.EventPublishingTestExecutionListener@8b300c8, org.springframework.boot.test.autoconfigure.restdocs.RestDocsTestExecutionListener@f4fe66, org.springframework.boot.test.autoconfigure.web.client.MockRestServiceServerResetTestExecutionListener@7fa698fc, org.springframework.boot.test.autoconfigure.web.servlet.MockMvcPrintOnlyOnFailureTestExecutionListener@172c9d78, org.springframework.boot.test.autoconfigure.web.servlet.WebDriverTestExecutionListener@7897a15, org.springframework.boot.test.autoconfigure.webservices.client.MockWebServiceServerTestExecutionListener@2029a34c, org.springframework.boot.test.mock.mockito.ResetMocksTestExecutionListener@6b83becd]
]]></system-out>
  <system-err><![CDATA[]]></system-err>
</testsuite>
