<?xml version="1.0" encoding="UTF-8"?>
<testsuite name="Build Creation Tests" tests="4" skipped="0" failures="0" errors="0" timestamp="2024-01-03T17:55:45" hostname="Franciscos-MBP" time="0.092">
  <properties/>
  <testcase name="Build Create" classname="francisco.languagecompiler.resource.BuildsControllerTest$BuildCreation" time="0.081"/>
  <testcase name="Create build with missing Code" classname="francisco.languagecompiler.resource.BuildsControllerTest$BuildCreation" time="0.003"/>
  <testcase name="Create build with missing Lang" classname="francisco.languagecompiler.resource.BuildsControllerTest$BuildCreation" time="0.003"/>
  <testcase name="Create build with missing Name" classname="francisco.languagecompiler.resource.BuildsControllerTest$BuildCreation" time="0.002"/>
  <system-out><![CDATA[17:55:43.975 [Test worker] DEBUG org.springframework.test.context.BootstrapUtils - Instantiating CacheAwareContextLoaderDelegate from class [org.springframework.test.context.cache.DefaultCacheAwareContextLoaderDelegate]
17:55:43.976 [Test worker] DEBUG org.springframework.test.context.BootstrapUtils - Instantiating BootstrapContext using constructor [public org.springframework.test.context.support.DefaultBootstrapContext(java.lang.Class,org.springframework.test.context.CacheAwareContextLoaderDelegate)]
17:55:43.976 [Test worker] DEBUG org.springframework.test.context.BootstrapUtils - Instantiating TestContextBootstrapper for test class [francisco.languagecompiler.resource.BuildsControllerTest$BuildCreation] from class [org.springframework.test.context.support.DefaultTestContextBootstrapper]
17:55:43.977 [Test worker] INFO org.springframework.test.context.support.DefaultTestContextBootstrapper - Neither @ContextConfiguration nor @ContextHierarchy found for test class [francisco.languagecompiler.resource.BuildsControllerTest$BuildCreation], using DelegatingSmartContextLoader
17:55:43.977 [Test worker] DEBUG org.springframework.test.context.support.AbstractDelegatingSmartContextLoader - Delegating to GenericXmlContextLoader to process context configuration [ContextConfigurationAttributes@3c32edf0 declaringClass = 'francisco.languagecompiler.resource.BuildsControllerTest$BuildCreation', classes = '{}', locations = '{}', inheritLocations = false, initializers = '{}', inheritInitializers = true, name = [null], contextLoaderClass = 'org.springframework.test.context.ContextLoader'].
17:55:43.978 [Test worker] DEBUG org.springframework.test.context.support.AbstractContextLoader - Did not detect default resource location for test class [francisco.languagecompiler.resource.BuildsControllerTest$BuildCreation]: class path resource [francisco/languagecompiler/resource/BuildsControllerTest$BuildCreation-context.xml] does not exist
17:55:43.978 [Test worker] INFO org.springframework.test.context.support.AbstractContextLoader - Could not detect default resource locations for test class [francisco.languagecompiler.resource.BuildsControllerTest$BuildCreation]: no resource found for suffixes {-context.xml}.
17:55:43.978 [Test worker] DEBUG org.springframework.test.context.support.AbstractDelegatingSmartContextLoader - Delegating to AnnotationConfigContextLoader to process context configuration [ContextConfigurationAttributes@3c32edf0 declaringClass = 'francisco.languagecompiler.resource.BuildsControllerTest$BuildCreation', classes = '{}', locations = '{}', inheritLocations = false, initializers = '{}', inheritInitializers = true, name = [null], contextLoaderClass = 'org.springframework.test.context.ContextLoader'].
17:55:43.978 [Test worker] INFO org.springframework.test.context.support.AnnotationConfigContextLoaderUtils - Could not detect default configuration classes for test class [francisco.languagecompiler.resource.BuildsControllerTest$BuildCreation]: BuildCreation does not declare any static, non-private, non-final, nested classes annotated with @Configuration.
17:55:43.979 [Test worker] DEBUG org.springframework.test.context.support.ActiveProfilesUtils - Could not find an 'annotation declaring class' for annotation type [org.springframework.test.context.ActiveProfiles] and class [francisco.languagecompiler.resource.BuildsControllerTest$BuildCreation]
17:55:43.979 [Test worker] DEBUG org.springframework.test.context.support.DefaultTestContextBootstrapper - @TestExecutionListeners is not present for class [francisco.languagecompiler.resource.BuildsControllerTest$BuildCreation]: using defaults.
17:55:43.979 [Test worker] INFO org.springframework.test.context.support.DefaultTestContextBootstrapper - Loaded default TestExecutionListener class names from location [META-INF/spring.factories]: [org.springframework.boot.test.autoconfigure.restdocs.RestDocsTestExecutionListener, org.springframework.boot.test.autoconfigure.web.client.MockRestServiceServerResetTestExecutionListener, org.springframework.boot.test.autoconfigure.web.servlet.MockMvcPrintOnlyOnFailureTestExecutionListener, org.springframework.boot.test.autoconfigure.web.servlet.WebDriverTestExecutionListener, org.springframework.boot.test.autoconfigure.webservices.client.MockWebServiceServerTestExecutionListener, org.springframework.boot.test.mock.mockito.MockitoTestExecutionListener, org.springframework.boot.test.mock.mockito.ResetMocksTestExecutionListener, org.springframework.test.context.web.ServletTestExecutionListener, org.springframework.test.context.support.DirtiesContextBeforeModesTestExecutionListener, org.springframework.test.context.support.DependencyInjectionTestExecutionListener, org.springframework.test.context.support.DirtiesContextTestExecutionListener, org.springframework.test.context.transaction.TransactionalTestExecutionListener, org.springframework.test.context.jdbc.SqlScriptsTestExecutionListener, org.springframework.test.context.event.EventPublishingTestExecutionListener]
17:55:43.980 [Test worker] DEBUG org.springframework.test.context.support.DefaultTestContextBootstrapper - Skipping candidate TestExecutionListener [org.springframework.test.context.transaction.TransactionalTestExecutionListener] due to a missing dependency. Specify custom listener classes or make the default listener classes and their required dependencies available. Offending class: [org/springframework/transaction/interceptor/TransactionAttributeSource]
17:55:43.980 [Test worker] DEBUG org.springframework.test.context.support.DefaultTestContextBootstrapper - Skipping candidate TestExecutionListener [org.springframework.test.context.jdbc.SqlScriptsTestExecutionListener] due to a missing dependency. Specify custom listener classes or make the default listener classes and their required dependencies available. Offending class: [org/springframework/transaction/interceptor/TransactionAttribute]
17:55:43.980 [Test worker] INFO org.springframework.test.context.support.DefaultTestContextBootstrapper - Using TestExecutionListeners: [org.springframework.test.context.web.ServletTestExecutionListener@5d9badc5, org.springframework.test.context.support.DirtiesContextBeforeModesTestExecutionListener@3b10975f, org.springframework.boot.test.mock.mockito.MockitoTestExecutionListener@476250b2, org.springframework.test.context.support.DependencyInjectionTestExecutionListener@1455015c, org.springframework.test.context.support.DirtiesContextTestExecutionListener@14207396, org.springframework.test.context.event.EventPublishingTestExecutionListener@2bb5a422, org.springframework.boot.test.autoconfigure.restdocs.RestDocsTestExecutionListener@7e079626, org.springframework.boot.test.autoconfigure.web.client.MockRestServiceServerResetTestExecutionListener@42e4375b, org.springframework.boot.test.autoconfigure.web.servlet.MockMvcPrintOnlyOnFailureTestExecutionListener@55cf4052, org.springframework.boot.test.autoconfigure.web.servlet.WebDriverTestExecutionListener@535d7a7d, org.springframework.boot.test.autoconfigure.webservices.client.MockWebServiceServerTestExecutionListener@11297096, org.springframework.boot.test.mock.mockito.ResetMocksTestExecutionListener@7214c307]
17:55:43.980 [Test worker] DEBUG org.springframework.test.context.support.AbstractDirtiesContextTestExecutionListener - Before test class: context [DefaultTestContext@5d76d0c7 testClass = BuildsControllerTest.BuildCreation, testInstance = [null], testMethod = [null], testException = [null], mergedContextConfiguration = [MergedContextConfiguration@65c0d786 testClass = BuildsControllerTest.BuildCreation, locations = '{}', classes = '{}', contextInitializerClasses = '[]', activeProfiles = '{}', propertySourceLocations = '{}', propertySourceProperties = '{}', contextCustomizers = set[org.springframework.boot.test.autoconfigure.properties.PropertyMappingContextCustomizer@0, org.springframework.boot.test.autoconfigure.web.servlet.WebDriverContextCustomizerFactory$Customizer@111d510f, org.springframework.boot.test.context.filter.ExcludeFilterContextCustomizer@6d32b0e2, org.springframework.boot.test.json.DuplicateJsonObjectContextCustomizerFactory$DuplicateJsonObjectContextCustomizer@e00f343, org.springframework.boot.test.mock.mockito.MockitoContextCustomizer@0], contextLoader = 'org.springframework.test.context.support.DelegatingSmartContextLoader', parent = [null]], attributes = map[[empty]]], class annotated with @DirtiesContext [false] with mode [null].
17:55:43.993 [Test worker] DEBUG org.springframework.test.context.support.TestPropertySourceUtils - Adding inlined properties to environment: {spring.jmx.enabled=false, org.springframework.boot.test.context.SpringBootTestContextBootstrapper=true}

  .   ____          _            __ _ _
 /\\ / ___'_ __ _ _(_)_ __  __ _ \ \ \ \
( ( )\___ | '_ | '_| | '_ \/ _` | \ \ \ \
 \\/  ___)| |_)| | | | | || (_| |  ) ) ) )
  '  |____| .__|_| |_|_| |_\__, | / / / /
 =========|_|==============|___/=/_/_/_/
 :: Spring Boot ::        (v2.3.4.RELEASE)

2024-01-03 17:55:44.147  INFO 69918 --- [    Test worker] f.l.resource.BuildsControllerTest        : Starting BuildsControllerTest on Franciscos-MBP with PID 69918 (started by francisco in /Users/francisco/Mestrado/DAS/TP/language-compiler-api)
2024-01-03 17:55:44.148  INFO 69918 --- [    Test worker] f.l.resource.BuildsControllerTest        : No active profile set, falling back to default profiles: default
2024-01-03 17:55:45.167  INFO 69918 --- [    Test worker] o.s.s.concurrent.ThreadPoolTaskExecutor  : Initializing ExecutorService 'applicationTaskExecutor'
2024-01-03 17:55:45.238  WARN 69918 --- [    Test worker] ion$DefaultTemplateResolverConfiguration : Cannot find template location: classpath:/templates/ (please add some templates or check your Thymeleaf configuration)
2024-01-03 17:55:45.285  INFO 69918 --- [    Test worker] o.s.b.t.m.w.SpringBootMockServletContext : Initializing Spring TestDispatcherServlet ''
2024-01-03 17:55:45.285  INFO 69918 --- [    Test worker] o.s.t.web.servlet.TestDispatcherServlet  : Initializing Servlet ''
2024-01-03 17:55:45.289  INFO 69918 --- [    Test worker] o.s.t.web.servlet.TestDispatcherServlet  : Completed initialization in 4 ms
2024-01-03 17:55:45.430  INFO 69918 --- [    Test worker] f.l.resource.BuildsControllerTest        : Started BuildsControllerTest in 1.432 seconds (JVM running for 1.983)
]]></system-out>
  <system-err><![CDATA[]]></system-err>
</testsuite>
