<?xml version="1.0" encoding="UTF-8"?>
<testsuite name="francisco.languagecompiler.resource.util.FieldMaskMapperTest" tests="5" skipped="0" failures="0" errors="0" timestamp="2024-01-16T22:37:52" hostname="Franciscos-MBP" time="0.007">
  <properties/>
  <testcase name="testMap()" classname="francisco.languagecompiler.resource.util.FieldMaskMapperTest" time="0.002"/>
  <testcase name="testAllFields()" classname="francisco.languagecompiler.resource.util.FieldMaskMapperTest" time="0.004"/>
  <testcase name="testNestedBuildProperties()" classname="francisco.languagecompiler.resource.util.FieldMaskMapperTest" time="0.0"/>
  <testcase name="testMetadataProperties()" classname="francisco.languagecompiler.resource.util.FieldMaskMapperTest" time="0.0"/>
  <testcase name="testWithGoogleFieldMask()" classname="francisco.languagecompiler.resource.util.FieldMaskMapperTest" time="0.0"/>
  <system-out><![CDATA[{result=null, metadata={createdDate=Tue Jan 16 22:37:52 WET 2024, startTime=Tue Jan 16 22:37:52 WET 2024, endTime=null, id=9876, updatedDate=Tue Jan 16 22:37:52 WET 2024, type=typeA}, createdDate=Tue Jan 16 22:37:52 WET 2024, build={code=null, createdDate=Tue Jan 16 22:37:52 WET 2024, name=null, language=null, id=1dabc52f-0869-4ef0-9ca4-513132199121, updatedDate=Tue Jan 16 22:37:52 WET 2024}, id=7af1a2da-395f-48cc-95be-ab2cdd8614cd, updatedDate=Tue Jan 16 22:37:52 WET 2024, done=true}
]]></system-out>
  <system-err><![CDATA[]]></system-err>
</testsuite>
