<?xml version="1.0" encoding="UTF-8"?>
<testsuite name="Build Creation Tests" tests="4" skipped="0" failures="0" errors="0" timestamp="2024-01-16T22:37:52" hostname="Franciscos-MBP" time="0.019">
  <properties/>
  <testcase name="Build Create" classname="francisco.languagecompiler.resource.BuildsControllerTest$BuildCreation" time="0.012"/>
  <testcase name="Create build with missing Code" classname="francisco.languagecompiler.resource.BuildsControllerTest$BuildCreation" time="0.001"/>
  <testcase name="Create build with missing Lang" classname="francisco.languagecompiler.resource.BuildsControllerTest$BuildCreation" time="0.002"/>
  <testcase name="Create build with missing Name" classname="francisco.languagecompiler.resource.BuildsControllerTest$BuildCreation" time="0.001"/>
  <system-out><![CDATA[2024-01-16 22:37:52.149  INFO 15586 --- [    Test worker] o.s.t.c.s.DefaultTestContextBootstrapper : Neither @ContextConfiguration nor @ContextHierarchy found for test class [francisco.languagecompiler.resource.BuildsControllerTest$BuildCreation], using DelegatingSmartContextLoader
2024-01-16 22:37:52.150  INFO 15586 --- [    Test worker] o.s.t.c.support.AbstractContextLoader    : Could not detect default resource locations for test class [francisco.languagecompiler.resource.BuildsControllerTest$BuildCreation]: no resource found for suffixes {-context.xml}.
2024-01-16 22:37:52.150  INFO 15586 --- [    Test worker] t.c.s.AnnotationConfigContextLoaderUtils : Could not detect default configuration classes for test class [francisco.languagecompiler.resource.BuildsControllerTest$BuildCreation]: BuildCreation does not declare any static, non-private, non-final, nested classes annotated with @Configuration.
2024-01-16 22:37:52.150  INFO 15586 --- [    Test worker] o.s.t.c.s.DefaultTestContextBootstrapper : Loaded default TestExecutionListener class names from location [META-INF/spring.factories]: [org.springframework.boot.test.autoconfigure.restdocs.RestDocsTestExecutionListener, org.springframework.boot.test.autoconfigure.web.client.MockRestServiceServerResetTestExecutionListener, org.springframework.boot.test.autoconfigure.web.servlet.MockMvcPrintOnlyOnFailureTestExecutionListener, org.springframework.boot.test.autoconfigure.web.servlet.WebDriverTestExecutionListener, org.springframework.boot.test.autoconfigure.webservices.client.MockWebServiceServerTestExecutionListener, org.springframework.boot.test.mock.mockito.MockitoTestExecutionListener, org.springframework.boot.test.mock.mockito.ResetMocksTestExecutionListener, org.springframework.test.context.web.ServletTestExecutionListener, org.springframework.test.context.support.DirtiesContextBeforeModesTestExecutionListener, org.springframework.test.context.support.DependencyInjectionTestExecutionListener, org.springframework.test.context.support.DirtiesContextTestExecutionListener, org.springframework.test.context.transaction.TransactionalTestExecutionListener, org.springframework.test.context.jdbc.SqlScriptsTestExecutionListener, org.springframework.test.context.event.EventPublishingTestExecutionListener]
2024-01-16 22:37:52.150  INFO 15586 --- [    Test worker] o.s.t.c.s.DefaultTestContextBootstrapper : Using TestExecutionListeners: [org.springframework.test.context.web.ServletTestExecutionListener@1f562238, org.springframework.test.context.support.DirtiesContextBeforeModesTestExecutionListener@38b8c9f8, org.springframework.boot.test.mock.mockito.MockitoTestExecutionListener@6038fc1, org.springframework.test.context.support.DependencyInjectionTestExecutionListener@50acdc28, org.springframework.test.context.support.DirtiesContextTestExecutionListener@7e4563e7, org.springframework.test.context.event.EventPublishingTestExecutionListener@4c92de, org.springframework.boot.test.autoconfigure.restdocs.RestDocsTestExecutionListener@1aab7891, org.springframework.boot.test.autoconfigure.web.client.MockRestServiceServerResetTestExecutionListener@2c50aa70, org.springframework.boot.test.autoconfigure.web.servlet.MockMvcPrintOnlyOnFailureTestExecutionListener@795fbe46, org.springframework.boot.test.autoconfigure.web.servlet.WebDriverTestExecutionListener@1d6119d1, org.springframework.boot.test.autoconfigure.webservices.client.MockWebServiceServerTestExecutionListener@5c4f851c, org.springframework.boot.test.mock.mockito.ResetMocksTestExecutionListener@7565a7cf]
]]></system-out>
  <system-err><![CDATA[]]></system-err>
</testsuite>
