<?xml version="1.0" encoding="UTF-8"?>
<testsuite name="francisco.languagecompiler.resource.BuildsControllerTest" tests="0" skipped="0" failures="0" errors="0" timestamp="1970-01-01T00:00:00" hostname="Franciscos-MBP" time="0.0">
  <properties/>
  <system-out><![CDATA[2024-01-11 21:02:48.285  INFO 53765 --- [    Test worker] .b.t.c.SpringBootTestContextBootstrapper : Neither @ContextConfiguration nor @ContextHierarchy found for test class [francisco.languagecompiler.resource.BuildsControllerTest], using SpringBootContextLoader
2024-01-11 21:02:48.285  INFO 53765 --- [    Test worker] o.s.t.c.support.AbstractContextLoader    : Could not detect default resource locations for test class [francisco.languagecompiler.resource.BuildsControllerTest]: no resource found for suffixes {-context.xml, Context.groovy}.
2024-01-11 21:02:48.288  INFO 53765 --- [    Test worker] .b.t.c.SpringBootTestContextBootstrapper : Loaded default TestExecutionListener class names from location [META-INF/spring.factories]: [org.springframework.boot.test.autoconfigure.restdocs.RestDocsTestExecutionListener, org.springframework.boot.test.autoconfigure.web.client.MockRestServiceServerResetTestExecutionListener, org.springframework.boot.test.autoconfigure.web.servlet.MockMvcPrintOnlyOnFailureTestExecutionListener, org.springframework.boot.test.autoconfigure.web.servlet.WebDriverTestExecutionListener, org.springframework.boot.test.autoconfigure.webservices.client.MockWebServiceServerTestExecutionListener, org.springframework.boot.test.mock.mockito.MockitoTestExecutionListener, org.springframework.boot.test.mock.mockito.ResetMocksTestExecutionListener, org.springframework.test.context.web.ServletTestExecutionListener, org.springframework.test.context.support.DirtiesContextBeforeModesTestExecutionListener, org.springframework.test.context.support.DependencyInjectionTestExecutionListener, org.springframework.test.context.support.DirtiesContextTestExecutionListener, org.springframework.test.context.transaction.TransactionalTestExecutionListener, org.springframework.test.context.jdbc.SqlScriptsTestExecutionListener, org.springframework.test.context.event.EventPublishingTestExecutionListener]
2024-01-11 21:02:48.289  INFO 53765 --- [    Test worker] .b.t.c.SpringBootTestContextBootstrapper : Using TestExecutionListeners: [org.springframework.test.context.web.ServletTestExecutionListener@84feeb3, org.springframework.test.context.support.DirtiesContextBeforeModesTestExecutionListener@63253d2b, org.springframework.boot.test.mock.mockito.MockitoTestExecutionListener@2a0a23de, org.springframework.boot.test.autoconfigure.SpringBootDependencyInjectionTestExecutionListener@53cab35a, org.springframework.test.context.support.DirtiesContextTestExecutionListener@2487e5e6, org.springframework.test.context.event.EventPublishingTestExecutionListener@6e015838, org.springframework.boot.test.autoconfigure.restdocs.RestDocsTestExecutionListener@15ee82f5, org.springframework.boot.test.autoconfigure.web.client.MockRestServiceServerResetTestExecutionListener@1338b371, org.springframework.boot.test.autoconfigure.web.servlet.MockMvcPrintOnlyOnFailureTestExecutionListener@80bdc25, org.springframework.boot.test.autoconfigure.web.servlet.WebDriverTestExecutionListener@6c2f8584, org.springframework.boot.test.autoconfigure.webservices.client.MockWebServiceServerTestExecutionListener@db74bde, org.springframework.boot.test.mock.mockito.ResetMocksTestExecutionListener@5b42c222]
]]></system-out>
  <system-err><![CDATA[]]></system-err>
</testsuite>
