<?xml version="1.0" encoding="UTF-8"?>
<testsuite name="francisco.languagecompiler.LanguageCompilerApplicationTests" tests="2" skipped="0" failures="0" errors="0" timestamp="2024-01-06T13:12:13" hostname="Franciscos-MBP" time="0.186">
  <properties/>
  <testcase name="testYourApiEndpoint()" classname="francisco.languagecompiler.LanguageCompilerApplicationTests" time="0.184"/>
  <testcase name="contextLoads()" classname="francisco.languagecompiler.LanguageCompilerApplicationTests" time="0.002"/>
  <system-out><![CDATA[13:12:12.345 [Test worker] DEBUG org.springframework.test.context.BootstrapUtils - Instantiating CacheAwareContextLoaderDelegate from class [org.springframework.test.context.cache.DefaultCacheAwareContextLoaderDelegate]
13:12:12.351 [Test worker] DEBUG org.springframework.test.context.BootstrapUtils - Instantiating BootstrapContext using constructor [public org.springframework.test.context.support.DefaultBootstrapContext(java.lang.Class,org.springframework.test.context.CacheAwareContextLoaderDelegate)]
13:12:12.364 [Test worker] DEBUG org.springframework.test.context.BootstrapUtils - Instantiating TestContextBootstrapper for test class [francisco.languagecompiler.LanguageCompilerApplicationTests] from class [org.springframework.boot.test.context.SpringBootTestContextBootstrapper]
13:12:12.371 [Test worker] INFO org.springframework.boot.test.context.SpringBootTestContextBootstrapper - Neither @ContextConfiguration nor @ContextHierarchy found for test class [francisco.languagecompiler.LanguageCompilerApplicationTests], using SpringBootContextLoader
13:12:12.372 [Test worker] DEBUG org.springframework.test.context.support.AbstractContextLoader - Did not detect default resource location for test class [francisco.languagecompiler.LanguageCompilerApplicationTests]: class path resource [francisco/languagecompiler/LanguageCompilerApplicationTests-context.xml] does not exist
13:12:12.372 [Test worker] DEBUG org.springframework.test.context.support.AbstractContextLoader - Did not detect default resource location for test class [francisco.languagecompiler.LanguageCompilerApplicationTests]: class path resource [francisco/languagecompiler/LanguageCompilerApplicationTestsContext.groovy] does not exist
13:12:12.372 [Test worker] INFO org.springframework.test.context.support.AbstractContextLoader - Could not detect default resource locations for test class [francisco.languagecompiler.LanguageCompilerApplicationTests]: no resource found for suffixes {-context.xml, Context.groovy}.
13:12:12.393 [Test worker] DEBUG org.springframework.test.context.support.ActiveProfilesUtils - Could not find an 'annotation declaring class' for annotation type [org.springframework.test.context.ActiveProfiles] and class [francisco.languagecompiler.LanguageCompilerApplicationTests]
13:12:12.447 [Test worker] DEBUG org.springframework.boot.test.context.SpringBootTestContextBootstrapper - @TestExecutionListeners is not present for class [francisco.languagecompiler.LanguageCompilerApplicationTests]: using defaults.
13:12:12.447 [Test worker] INFO org.springframework.boot.test.context.SpringBootTestContextBootstrapper - Loaded default TestExecutionListener class names from location [META-INF/spring.factories]: [org.springframework.boot.test.autoconfigure.restdocs.RestDocsTestExecutionListener, org.springframework.boot.test.autoconfigure.web.client.MockRestServiceServerResetTestExecutionListener, org.springframework.boot.test.autoconfigure.web.servlet.MockMvcPrintOnlyOnFailureTestExecutionListener, org.springframework.boot.test.autoconfigure.web.servlet.WebDriverTestExecutionListener, org.springframework.boot.test.autoconfigure.webservices.client.MockWebServiceServerTestExecutionListener, org.springframework.boot.test.mock.mockito.MockitoTestExecutionListener, org.springframework.boot.test.mock.mockito.ResetMocksTestExecutionListener, org.springframework.test.context.web.ServletTestExecutionListener, org.springframework.test.context.support.DirtiesContextBeforeModesTestExecutionListener, org.springframework.test.context.support.DependencyInjectionTestExecutionListener, org.springframework.test.context.support.DirtiesContextTestExecutionListener, org.springframework.test.context.transaction.TransactionalTestExecutionListener, org.springframework.test.context.jdbc.SqlScriptsTestExecutionListener, org.springframework.test.context.event.EventPublishingTestExecutionListener]
13:12:12.452 [Test worker] DEBUG org.springframework.boot.test.context.SpringBootTestContextBootstrapper - Skipping candidate TestExecutionListener [org.springframework.test.context.transaction.TransactionalTestExecutionListener] due to a missing dependency. Specify custom listener classes or make the default listener classes and their required dependencies available. Offending class: [org/springframework/transaction/interceptor/TransactionAttributeSource]
13:12:12.452 [Test worker] DEBUG org.springframework.boot.test.context.SpringBootTestContextBootstrapper - Skipping candidate TestExecutionListener [org.springframework.test.context.jdbc.SqlScriptsTestExecutionListener] due to a missing dependency. Specify custom listener classes or make the default listener classes and their required dependencies available. Offending class: [org/springframework/transaction/interceptor/TransactionAttribute]
13:12:12.452 [Test worker] INFO org.springframework.boot.test.context.SpringBootTestContextBootstrapper - Using TestExecutionListeners: [org.springframework.test.context.web.ServletTestExecutionListener@69a483d3, org.springframework.test.context.support.DirtiesContextBeforeModesTestExecutionListener@1e595eaa, org.springframework.boot.test.mock.mockito.MockitoTestExecutionListener@cfcaa9a, org.springframework.boot.test.autoconfigure.SpringBootDependencyInjectionTestExecutionListener@157c365b, org.springframework.test.context.support.DirtiesContextTestExecutionListener@588b853c, org.springframework.test.context.event.EventPublishingTestExecutionListener@cf33c89, org.springframework.boot.test.autoconfigure.restdocs.RestDocsTestExecutionListener@65b2eff7, org.springframework.boot.test.autoconfigure.web.client.MockRestServiceServerResetTestExecutionListener@1108d3f4, org.springframework.boot.test.autoconfigure.web.servlet.MockMvcPrintOnlyOnFailureTestExecutionListener@152e068c, org.springframework.boot.test.autoconfigure.web.servlet.WebDriverTestExecutionListener@ac67d4, org.springframework.boot.test.autoconfigure.webservices.client.MockWebServiceServerTestExecutionListener@7213ed61, org.springframework.boot.test.mock.mockito.ResetMocksTestExecutionListener@255317a4]
13:12:12.454 [Test worker] DEBUG org.springframework.test.context.support.AbstractDirtiesContextTestExecutionListener - Before test class: context [DefaultTestContext@2f4d86d5 testClass = LanguageCompilerApplicationTests, testInstance = [null], testMethod = [null], testException = [null], mergedContextConfiguration = [WebMergedContextConfiguration@2c83944b testClass = LanguageCompilerApplicationTests, locations = '{}', classes = '{class francisco.languagecompiler.resource.LanguageCompilerApplication, class francisco.languagecompiler.resource.LanguageCompilerApplication}', contextInitializerClasses = '[]', activeProfiles = '{}', propertySourceLocations = '{}', propertySourceProperties = '{org.springframework.boot.test.context.SpringBootTestContextBootstrapper=true}', contextCustomizers = set[org.springframework.boot.test.autoconfigure.properties.PropertyMappingContextCustomizer@4b3fa0b3, org.springframework.boot.test.autoconfigure.web.servlet.WebDriverContextCustomizerFactory$Customizer@41d3bc39, [ImportsContextCustomizer@5a880a33 key = [org.springframework.boot.test.autoconfigure.web.servlet.MockMvcAutoConfiguration, org.springframework.boot.test.autoconfigure.web.servlet.MockMvcWebClientAutoConfiguration, org.springframework.boot.test.autoconfigure.web.servlet.MockMvcWebDriverAutoConfiguration, org.springframework.boot.autoconfigure.security.oauth2.client.servlet.OAuth2ClientAutoConfiguration, org.springframework.boot.autoconfigure.security.oauth2.resource.servlet.OAuth2ResourceServerAutoConfiguration, org.springframework.boot.autoconfigure.security.servlet.SecurityAutoConfiguration, org.springframework.boot.autoconfigure.security.servlet.SecurityFilterAutoConfiguration, org.springframework.boot.autoconfigure.security.servlet.UserDetailsServiceAutoConfiguration, org.springframework.boot.test.autoconfigure.web.servlet.MockMvcSecurityConfiguration]], org.springframework.boot.test.context.filter.ExcludeFilterContextCustomizer@80c4a10, org.springframework.boot.test.json.DuplicateJsonObjectContextCustomizerFactory$DuplicateJsonObjectContextCustomizer@274c4ec6, org.springframework.boot.test.mock.mockito.MockitoContextCustomizer@0, org.springframework.boot.test.web.client.TestRestTemplateContextCustomizer@4f72133d, org.springframework.boot.test.context.SpringBootTestArgs@1], resourceBasePath = 'src/main/webapp', contextLoader = 'org.springframework.boot.test.context.SpringBootContextLoader', parent = [null]], attributes = map['org.springframework.test.context.web.ServletTestExecutionListener.activateListener' -> true]], class annotated with @DirtiesContext [false] with mode [null].
13:12:12.470 [Test worker] DEBUG org.springframework.test.context.support.TestPropertySourceUtils - Adding inlined properties to environment: {spring.jmx.enabled=false, org.springframework.boot.test.context.SpringBootTestContextBootstrapper=true}

  .   ____          _            __ _ _
 /\\ / ___'_ __ _ _(_)_ __  __ _ \ \ \ \
( ( )\___ | '_ | '_| | '_ \/ _` | \ \ \ \
 \\/  ___)| |_)| | | | | || (_| |  ) ) ) )
  '  |____| .__|_| |_|_| |_\__, | / / / /
 =========|_|==============|___/=/_/_/_/
 :: Spring Boot ::        (v2.3.4.RELEASE)

2024-01-06 13:12:12.620  INFO 95762 --- [    Test worker] f.l.LanguageCompilerApplicationTests     : Starting LanguageCompilerApplicationTests on Franciscos-MBP with PID 95762 (started by francisco in /Users/francisco/Mestrado/DAS/TP/language-compiler-api)
2024-01-06 13:12:12.621  INFO 95762 --- [    Test worker] f.l.LanguageCompilerApplicationTests     : No active profile set, falling back to default profiles: default
2024-01-06 13:12:13.461  INFO 95762 --- [    Test worker] o.s.s.concurrent.ThreadPoolTaskExecutor  : Initializing ExecutorService 'applicationTaskExecutor'
2024-01-06 13:12:13.525  WARN 95762 --- [    Test worker] ion$DefaultTemplateResolverConfiguration : Cannot find template location: classpath:/templates/ (please add some templates or check your Thymeleaf configuration)
2024-01-06 13:12:13.563  INFO 95762 --- [    Test worker] o.s.b.t.m.w.SpringBootMockServletContext : Initializing Spring TestDispatcherServlet ''
2024-01-06 13:12:13.563  INFO 95762 --- [    Test worker] o.s.t.web.servlet.TestDispatcherServlet  : Initializing Servlet ''
2024-01-06 13:12:13.567  INFO 95762 --- [    Test worker] o.s.t.web.servlet.TestDispatcherServlet  : Completed initialization in 4 ms
2024-01-06 13:12:13.710  INFO 95762 --- [    Test worker] f.l.LanguageCompilerApplicationTests     : Started LanguageCompilerApplicationTests in 1.235 seconds (JVM running for 1.809)
]]></system-out>
  <system-err><![CDATA[]]></system-err>
</testsuite>
